[38;5;0m[HTTP][0m [37m-->[39m [37mPOST[39m [37m/session[39m
[38;5;0m[HTTP][0m [90m{"capabilities":{"alwaysMatch":{"platformName":"Android","appium:deviceName":"Pixel 3","appium:platformVersion":"11.0","appium:automationName":"UiAutomator2","appium:app":"C:\\Users\\m.lialik\\projects\\appium\\app\\android\\ColorNote+Notepad.apk","appium:autoGrantPermissions":true},"firstMatch":[{}]},"desiredCapabilities":{"platformName":"Android","appium:deviceName":"Pixel 3","appium:platformVersion":"11.0","appium:automationName":"UiAutomator2","appium:app":"C:\\Users\\m.lialik\\projects\\appium\\app\\android\\ColorNote+Notepad.apk","appium:autoGrantPermissions":true}}[39m
[38;5;16m[AppiumDriver@86e3][0m Calling AppiumDriver.createSession() with args: [{"platformName":"Android","appium:deviceName":"Pixel 3","appium:platformVersion":"11.0","appium:automationName":"UiAutomator2","appium:app":"C:\\Users\\m.lialik\\projects\\appium\\app\\android\\ColorNote+Notepad.apk","appium:autoGrantPermissions":true},null,{"alwaysMatch":{"platformName":"Android","appium:deviceName":"Pixel 3","appium:platformVersion":"11.0","appium:automationName":"UiAutomator2","appium:app":"C:\\Users\\m.lialik\\projects\\appium\\app\\android\\ColorNote+Notepad.apk","appium:autoGrantPermissions":true},"firstMatch":[{}]}]
[38;5;16m[AppiumDriver@86e3][0m Event 'newSessionRequested' logged at 1707339909980 (22:05:09 GMT+0100 (Central European Standard Time))
[35m[Appium][39m Attempting to find matching driver for automationName 'UiAutomator2' and platformName 'Android'
[35m[Appium][39m The 'uiautomator2' driver was installed and matched caps.
[35m[Appium][39m Will require it at C:\Users\m.lialik\projects\appium\node_modules\appium-uiautomator2-driver
[35m[Appium][39m Requiring driver at C:\Users\m.lialik\projects\appium\node_modules\appium-uiautomator2-driver\build\index.js
[38;5;16m[AppiumDriver@86e3][0m Appium v2.4.1 creating new AndroidUiautomator2Driver (v2.43.3) session
[38;5;16m[AppiumDriver@86e3][0m Checking BaseDriver versions for Appium and AndroidUiautomator2Driver
[38;5;16m[AppiumDriver@86e3][0m Appium's BaseDriver version is 9.5.0
[38;5;16m[AppiumDriver@86e3][0m AndroidUiautomator2Driver's BaseDriver version is 9.5.0
[38;5;32m[AndroidUiautomator2Driver@2167][0m Creating session with W3C capabilities: {
[38;5;32m[AndroidUiautomator2Driver@2167][0m   "alwaysMatch": {
[38;5;32m[AndroidUiautomator2Driver@2167][0m     "platformName": "Android",
[38;5;32m[AndroidUiautomator2Driver@2167][0m     "appium:deviceName": "Pixel 3",
[38;5;32m[AndroidUiautomator2Driver@2167][0m     "appium:platformVersion": "11.0",
[38;5;32m[AndroidUiautomator2Driver@2167][0m     "appium:automationName": "UiAutomator2",
[38;5;32m[AndroidUiautomator2Driver@2167][0m     "appium:app": "C:\\Users\\m.lialik\\projects\\appium\\app\\android\\ColorNote+Notepad.apk",
[38;5;32m[AndroidUiautomator2Driver@2167][0m     "appium:autoGrantPermissions": true
[38;5;32m[AndroidUiautomator2Driver@2167][0m   },
[38;5;32m[AndroidUiautomator2Driver@2167][0m   "firstMatch": [
[38;5;32m[AndroidUiautomator2Driver@2167][0m     {}
[38;5;32m[AndroidUiautomator2Driver@2167][0m   ]
[38;5;32m[AndroidUiautomator2Driver@2167][0m }
[38;5;32m[AndroidUiautomator2Driver@2167 (8d248cae)][0m Session created with session id: 8d248cae-6f15-4769-9543-6d07c6b01410
[38;5;48m[BaseDriver][0m Using local app 'C:\Users\m.lialik\projects\appium\app\android\ColorNote+Notepad.apk'
[38;5;32m[AndroidUiautomator2Driver@2167 (8d248cae)][0m Checking whether app is actually present
[38;5;64m[ADB][0m Found 1 'build-tools' folders under 'C:\Users\m.lialik\AppData\Local\Android\Sdk' (newest first):
[38;5;64m[ADB][0m     C:\Users\m.lialik\AppData\Local\Android\Sdk\build-tools\34.0.0
[38;5;64m[ADB][0m Using 'adb.exe' from 'C:\Users\m.lialik\AppData\Local\Android\Sdk\platform-tools\adb.exe'
[38;5;64m[ADB][0m Running 'C:\Users\m.lialik\AppData\Local\Android\Sdk\platform-tools\adb.exe -P 5037 start-server'
[38;5;32m[AndroidUiautomator2Driver@2167 (8d248cae)][0m Retrieving device list
[38;5;64m[ADB][0m Trying to find connected Android devices
[38;5;64m[ADB][0m Getting connected devices
[38;5;64m[ADB][0m Connected devices: [{"udid":"emulator-5554","state":"device"}]
[38;5;32m[AndroidUiautomator2Driver@2167 (8d248cae)][0m Looking for a device with Android '11.0.0'
[38;5;64m[ADB][0m Setting device id to emulator-5554
[38;5;64m[ADB][0m Getting device platform version
[38;5;64m[ADB][0m Running 'C:\Users\m.lialik\AppData\Local\Android\Sdk\platform-tools\adb.exe -P 5037 -s emulator-5554 shell getprop ro.build.version.release'
[38;5;64m[ADB][0m Current device property 'ro.build.version.release': 11
[38;5;32m[AndroidUiautomator2Driver@2167 (8d248cae)][0m Using device: emulator-5554
[38;5;64m[ADB][0m Using 'adb.exe' from 'C:\Users\m.lialik\AppData\Local\Android\Sdk\platform-tools\adb.exe'
[38;5;64m[ADB][0m Running 'C:\Users\m.lialik\AppData\Local\Android\Sdk\platform-tools\adb.exe -P 5037 start-server'
[38;5;64m[ADB][0m Setting device id to emulator-5554
[38;5;64m[ADB][0m Running 'C:\Users\m.lialik\AppData\Local\Android\Sdk\platform-tools\adb.exe -P 5037 -s emulator-5554 shell getprop ro.build.version.sdk'
[38;5;64m[ADB][0m Current device property 'ro.build.version.sdk': 30
[38;5;64m[ADB][0m Getting device platform version
[38;5;64m[ADB][0m Running 'C:\Users\m.lialik\AppData\Local\Android\Sdk\platform-tools\adb.exe -P 5037 -s emulator-5554 shell getprop ro.build.version.release'
[38;5;64m[ADB][0m Current device property 'ro.build.version.release': 11
[38;5;64m[ADB][0m Device API level: 30
[38;5;32m[AndroidUiautomator2Driver@2167 (8d248cae)][0m Relaxing hidden api policy
[38;5;64m[ADB][0m Running 'C:\Users\m.lialik\AppData\Local\Android\Sdk\platform-tools\adb.exe -P 5037 -s emulator-5554 shell 'settings put global hidden_api_policy_pre_p_apps 1;settings put global hidden_api_policy_p_apps 1;settings put global hidden_api_policy 1''
[38;5;32m[AndroidUiautomator2Driver@2167 (8d248cae)][0m Parsing package and activity from app manifest
[38;5;64m[ADB][0m Package name: 'com.socialnmobile.dictapps.notepad.color.note'
[38;5;64m[ADB][0m Main activity name: 'com.socialnmobile.colornote.activity.Main'
[38;5;32m[AndroidUiautomator2Driver@2167 (8d248cae)][0m Parsed package and activity are: com.socialnmobile.dictapps.notepad.color.note/com.socialnmobile.colornote.activity.Main
[38;5;64m[ADB][0m Running 'C:\Users\m.lialik\AppData\Local\Android\Sdk\platform-tools\adb.exe -P 5037 -s emulator-5554 wait-for-device'
[38;5;64m[ADB][0m Running 'C:\Users\m.lialik\AppData\Local\Android\Sdk\platform-tools\adb.exe -P 5037 -s emulator-5554 shell echo ping'
[38;5;32m[AndroidUiautomator2Driver@2167 (8d248cae)][0m Pushing settings apk to the device...
[38;5;64m[ADB][0m Getting package info for 'io.appium.settings'
[38;5;64m[ADB][0m Running 'C:\Users\m.lialik\AppData\Local\Android\Sdk\platform-tools\adb.exe -P 5037 -s emulator-5554 shell dumpsys package io.appium.settings'
[38;5;64m[ADB][0m The version name of the installed 'io.appium.settings' is greater or equal to the application version name ('5.7.5' >= '5.7.5')
[38;5;64m[ADB][0m There is no need to install/upgrade 'C:\Users\m.lialik\projects\appium\node_modules\appium-uiautomator2-driver\node_modules\io.appium.settings\apks\settings_apk-debug.apk'
[38;5;64m[ADB][0m Running 'C:\Users\m.lialik\AppData\Local\Android\Sdk\platform-tools\adb.exe -P 5037 -s emulator-5554 shell dumpsys activity services io.appium.settings'
[38;5;32m[AndroidUiautomator2Driver@2167 (8d248cae)][0m io.appium.settings is already running. There is no need to reset its permissions.
[38;5;80m[Logcat][0m Starting logs capture with command: C:\\Users\\m.lialik\\AppData\\Local\\Android\\Sdk\\platform-tools\\adb.exe -P 5037 -s emulator-5554 logcat -v threadtime
[38;5;32m[AndroidUiautomator2Driver@2167 (8d248cae)][0m Forwarding UiAutomator2 Server port 6790 to local port 8200
[38;5;64m[ADB][0m Forwarding system: 8200 to device: 6790
[38;5;64m[ADB][0m Running 'C:\Users\m.lialik\AppData\Local\Android\Sdk\platform-tools\adb.exe -P 5037 -s emulator-5554 forward tcp:8200 tcp:6790'
[38;5;64m[ADB][0m Checking app cert for C:\Users\m.lialik\projects\appium\node_modules\appium-uiautomator2-driver\node_modules\appium-uiautomator2-server\apks\appium-uiautomator2-server-v6.0.6.apk
[38;5;64m[ADB][0m Checking app cert for C:\Users\m.lialik\projects\appium\node_modules\appium-uiautomator2-driver\node_modules\appium-uiautomator2-server\apks\appium-uiautomator2-server-debug-androidTest.apk
[38;5;64m[ADB][0m Using 'apksigner.jar' from 'C:\Users\m.lialik\AppData\Local\Android\Sdk\build-tools\34.0.0\lib\apksigner.jar'
[38;5;64m[ADB][0m Starting apksigner: 'C:\\Program Files\\Eclipse Adoptium\\jdk-21.0.1.12-hotspot\\bin\\java.exe' -Xmx1024M -Xss1m -jar C:\\Users\\m.lialik\\AppData\\Local\\Android\\Sdk\\build-tools\\34.0.0\\lib\\apksigner.jar verify --print-certs C:\\Users\\m.lialik\\projects\\appium\\node_modules\\appium-uiautomator2-driver\\node_modules\\appium-uiautomator2-server\\apks\\appium-uiautomator2-server-debug-androidTest.apk
[38;5;64m[ADB][0m Starting apksigner: 'C:\\Program Files\\Eclipse Adoptium\\jdk-21.0.1.12-hotspot\\bin\\java.exe' -Xmx1024M -Xss1m -jar C:\\Users\\m.lialik\\AppData\\Local\\Android\\Sdk\\build-tools\\34.0.0\\lib\\apksigner.jar verify --print-certs C:\\Users\\m.lialik\\projects\\appium\\node_modules\\appium-uiautomator2-driver\\node_modules\\appium-uiautomator2-server\\apks\\appium-uiautomator2-server-v6.0.6.apk
[38;5;64m[ADB][0m apksigner stdout: Signer #1 certificate DN: EMAILADDRESS=android@android.com, CN=Android, OU=Android, O=Android, L=Mountain View, ST=California, C=US
[38;5;64m[ADB][0m Signer #1 certificate SHA-256 digest: a40da80a59d170caa950cf15c18c454d47a39b26989d8b640ecd745ba71bf5dc
[38;5;64m[ADB][0m Signer #1 certificate SHA-1 digest: 61ed377e85d386a8dfee6b864bd85b0bfaa5af81
[38;5;64m[ADB][0m Signer #1 certificate MD5 digest: e89b158e4bcf988ebd09eb83f5378e87
[38;5;64m[ADB][0m 
[38;5;64m[ADB][0m sha256 hash did match for 'appium-uiautomator2-server-debug-androidTest.apk'
[38;5;64m[ADB][0m 'C:\Users\m.lialik\projects\appium\node_modules\appium-uiautomator2-driver\node_modules\appium-uiautomator2-server\apks\appium-uiautomator2-server-debug-androidTest.apk' is signed with the default certificate
[38;5;64m[ADB][0m Getting install status for io.appium.uiautomator2.server.test
[38;5;64m[ADB][0m Running 'C:\Users\m.lialik\AppData\Local\Android\Sdk\platform-tools\adb.exe -P 5037 -s emulator-5554 shell pm path io.appium.uiautomator2.server.test'
[38;5;64m[ADB][0m 'io.appium.uiautomator2.server.test' is installed
[38;5;64m[ADB][0m apksigner stdout: Signer #1 certificate DN: EMAILADDRESS=android@android.com, CN=Android, OU=Android, O=Android, L=Mountain View, ST=California, C=US
[38;5;64m[ADB][0m Signer #1 certificate SHA-256 digest: a40da80a59d170caa950cf15c18c454d47a39b26989d8b640ecd745ba71bf5dc
[38;5;64m[ADB][0m Signer #1 certificate SHA-1 digest: 61ed377e85d386a8dfee6b864bd85b0bfaa5af81
[38;5;64m[ADB][0m Signer #1 certificate MD5 digest: e89b158e4bcf988ebd09eb83f5378e87
[38;5;64m[ADB][0m 
[38;5;64m[ADB][0m sha256 hash did match for 'appium-uiautomator2-server-v6.0.6.apk'
[38;5;64m[ADB][0m 'C:\Users\m.lialik\projects\appium\node_modules\appium-uiautomator2-driver\node_modules\appium-uiautomator2-server\apks\appium-uiautomator2-server-v6.0.6.apk' is signed with the default certificate
[38;5;64m[ADB][0m Getting package info for 'io.appium.uiautomator2.server'
[38;5;64m[ADB][0m Running 'C:\Users\m.lialik\AppData\Local\Android\Sdk\platform-tools\adb.exe -P 5037 -s emulator-5554 shell dumpsys package io.appium.uiautomator2.server'
[38;5;64m[ADB][0m The version name of the installed 'io.appium.uiautomator2.server' is greater or equal to the application version name ('6.0.6' >= '6.0.6')
[38;5;32m[AndroidUiautomator2Driver@2167 (8d248cae)][0m Server packages status: [{"wasSigned":true,"installState":"sameVersionInstalled","appPath":"C:\\Users\\m.lialik\\projects\\appium\\node_modules\\appium-uiautomator2-driver\\node_modules\\appium-uiautomator2-server\\apks\\appium-uiautomator2-server-v6.0.6.apk","appId":"io.appium.uiautomator2.server"},{"wasSigned":true,"installState":"sameVersionInstalled","appPath":"C:\\Users\\m.lialik\\projects\\appium\\node_modules\\appium-uiautomator2-driver\\node_modules\\appium-uiautomator2-server\\apks\\appium-uiautomator2-server-debug-androidTest.apk","appId":"io.appium.uiautomator2.server.test"}]
[38;5;32m[AndroidUiautomator2Driver@2167 (8d248cae)][0m Server packages are not going to be (re)installed
[38;5;32m[AndroidUiautomator2Driver@2167 (8d248cae)][0m Waiting up to 30000ms for services to be available
[38;5;64m[ADB][0m Running 'C:\Users\m.lialik\AppData\Local\Android\Sdk\platform-tools\adb.exe -P 5037 -s emulator-5554 shell pm list instrumentation'
[38;5;32m[AndroidUiautomator2Driver@2167 (8d248cae)][0m Instrumentation target 'io.appium.uiautomator2.server.test/androidx.test.runner.AndroidJUnitRunner' is available
[38;5;64m[ADB][0m Adding packages ["io.appium.settings","io.appium.uiautomator2.server","io.appium.uiautomator2.server.test"] to Doze whitelist
[38;5;64m[ADB][0m Got the following command chunks to execute: [["dumpsys","deviceidle","whitelist","+io.appium.settings",";","dumpsys","deviceidle","whitelist","+io.appium.uiautomator2.server",";","dumpsys","deviceidle","whitelist","+io.appium.uiautomator2.server.test",";"]]
[38;5;64m[ADB][0m Running 'C:\Users\m.lialik\AppData\Local\Android\Sdk\platform-tools\adb.exe -P 5037 -s emulator-5554 shell dumpsys deviceidle whitelist +io.appium.settings ; dumpsys deviceidle whitelist +io.appium.uiautomator2.server ; dumpsys deviceidle whitelist +io.appium.uiautomator2.server.test ;'
[38;5;64m[ADB][0m Checking app cert for C:\Users\m.lialik\projects\appium\app\android\ColorNote+Notepad.apk
[38;5;64m[ADB][0m Starting apksigner: 'C:\\Program Files\\Eclipse Adoptium\\jdk-21.0.1.12-hotspot\\bin\\java.exe' -Xmx1024M -Xss1m -jar C:\\Users\\m.lialik\\AppData\\Local\\Android\\Sdk\\build-tools\\34.0.0\\lib\\apksigner.jar verify --print-certs C:\\Users\\m.lialik\\projects\\appium\\app\\android\\ColorNote+Notepad.apk
[38;5;64m[ADB][0m apksigner stdout: Signer #1 certificate DN: CN=socialnmobile, OU=android, O=socialnmobile, L=Unknown, ST=Unknown, C=Unknown
[38;5;64m[ADB][0m Signer #1 certificate SHA-256 digest: 4e92275e4f7853f3df65171071f0b6841b063520ee93d9bb2db647baec695b98
[38;5;64m[ADB][0m Signer #1 certificate SHA-1 digest: f4d8a67bf40879df79cbf1dc8b2999df74ebbf76
[38;5;64m[ADB][0m Signer #1 certificate MD5 digest: 8190fa0dfb1457782dbbe689beef98b7
[38;5;64m[ADB][0m 
[38;5;64m[ADB][0m 'C:\Users\m.lialik\projects\appium\app\android\ColorNote+Notepad.apk' is signed with a non-default certificate
[38;5;64m[ADB][0m Getting package info for 'com.socialnmobile.dictapps.notepad.color.note'
[38;5;64m[ADB][0m Running 'C:\Users\m.lialik\AppData\Local\Android\Sdk\platform-tools\adb.exe -P 5037 -s emulator-5554 shell dumpsys package com.socialnmobile.dictapps.notepad.color.note'
[38;5;64m[ADB][0m The version name of the installed 'com.socialnmobile.dictapps.notepad.color.note' is greater or equal to the application version name ('4.2.4' >= '4.2.4')
[38;5;64m[ADB][0m There is no need to install/upgrade 'C:\Users\m.lialik\projects\appium\app\android\ColorNote+Notepad.apk'
[38;5;32m[AndroidUiautomator2Driver@2167 (8d248cae)][0m Performing fast reset on 'com.socialnmobile.dictapps.notepad.color.note'
[38;5;64m[ADB][0m Getting install status for com.socialnmobile.dictapps.notepad.color.note
[38;5;64m[ADB][0m Running 'C:\Users\m.lialik\AppData\Local\Android\Sdk\platform-tools\adb.exe -P 5037 -s emulator-5554 shell pm path com.socialnmobile.dictapps.notepad.color.note'
[38;5;64m[ADB][0m 'com.socialnmobile.dictapps.notepad.color.note' is installed
[38;5;64m[ADB][0m Running 'C:\Users\m.lialik\AppData\Local\Android\Sdk\platform-tools\adb.exe -P 5037 -s emulator-5554 shell am force-stop com.socialnmobile.dictapps.notepad.color.note'
[38;5;64m[ADB][0m Running 'C:\Users\m.lialik\AppData\Local\Android\Sdk\platform-tools\adb.exe -P 5037 -s emulator-5554 shell pm clear com.socialnmobile.dictapps.notepad.color.note'
[38;5;64m[ADB][0m Running 'C:\Users\m.lialik\AppData\Local\Android\Sdk\platform-tools\adb.exe -P 5037 -s emulator-5554 shell dumpsys package com.socialnmobile.dictapps.notepad.color.note'
[38;5;64m[ADB][0m Retrieving requested permissions
[38;5;64m[ADB][0m Retrieved 16 permissions from requested group
[38;5;64m[ADB][0m Retrieving granted permissions
[38;5;64m[ADB][0m Retrieved 7 permissions from install,runtime groups
[38;5;64m[ADB][0m Granting permissions ["android.permission.WRITE_EXTERNAL_STORAGE","android.permission.READ_EXTERNAL_STORAGE"] to 'com.socialnmobile.dictapps.notepad.color.note'
[38;5;64m[ADB][0m Got the following command chunks to execute: [["pm","grant","com.socialnmobile.dictapps.notepad.color.note","android.permission.WRITE_EXTERNAL_STORAGE",";","pm","grant","com.socialnmobile.dictapps.notepad.color.note","android.permission.READ_EXTERNAL_STORAGE",";"]]
[38;5;64m[ADB][0m Running 'C:\Users\m.lialik\AppData\Local\Android\Sdk\platform-tools\adb.exe -P 5037 -s emulator-5554 shell pm grant com.socialnmobile.dictapps.notepad.color.note android.permission.WRITE_EXTERNAL_STORAGE ; pm grant com.socialnmobile.dictapps.notepad.color.note android.permission.READ_EXTERNAL_STORAGE ;'
[38;5;32m[AndroidUiautomator2Driver@2167 (8d248cae)][0m Performed fast reset on the installed 'com.socialnmobile.dictapps.notepad.color.note' application (stop and clear)
[38;5;32m[AndroidUiautomator2Driver@2167 (8d248cae)][0m Performing shallow cleanup of automation leftovers
[38;5;32m[AndroidUiautomator2Driver@2167 (8d248cae)][0m No obsolete sessions have been detected (socket hang up)
[38;5;64m[ADB][0m Running 'C:\Users\m.lialik\AppData\Local\Android\Sdk\platform-tools\adb.exe -P 5037 -s emulator-5554 shell am force-stop io.appium.uiautomator2.server.test'
[38;5;32m[AndroidUiautomator2Driver@2167 (8d248cae)][0m Starting UIAutomator2 server 6.0.6
[38;5;32m[AndroidUiautomator2Driver@2167 (8d248cae)][0m Using UIAutomator2 server from 'C:\Users\m.lialik\projects\appium\node_modules\appium-uiautomator2-driver\node_modules\appium-uiautomator2-server\apks\appium-uiautomator2-server-v6.0.6.apk' and test from 'C:\Users\m.lialik\projects\appium\node_modules\appium-uiautomator2-driver\node_modules\appium-uiautomator2-server\apks\appium-uiautomator2-server-debug-androidTest.apk'
[38;5;32m[AndroidUiautomator2Driver@2167 (8d248cae)][0m Waiting up to 30000ms for UiAutomator2 to be online...
[38;5;64m[ADB][0m Creating ADB subprocess with args: ["-P","5037","-s","emulator-5554","shell","am","instrument","-w","-e","disableAnalytics","true","io.appium.uiautomator2.server.test/androidx.test.runner.AndroidJUnitRunner"]
[38;5;32m[AndroidUiautomator2Driver@2167 (8d248cae)][0m Matched '/status' to command name 'getStatus'
[38;5;32m[AndroidUiautomator2Driver@2167 (8d248cae)][0m Proxying [GET /status] to [GET http://127.0.0.1:8200/status] with no body
[38;5;32m[AndroidUiautomator2Driver@2167 (8d248cae)][0m socket hang up
[38;5;96m[Instrumentation][0m io.appium.uiautomator2.server.test.AppiumUiAutomator2Server:
[38;5;32m[AndroidUiautomator2Driver@2167 (8d248cae)][0m Matched '/status' to command name 'getStatus'
[38;5;32m[AndroidUiautomator2Driver@2167 (8d248cae)][0m Proxying [GET /status] to [GET http://127.0.0.1:8200/status] with no body
[38;5;32m[AndroidUiautomator2Driver@2167 (8d248cae)][0m socket hang up
[38;5;32m[AndroidUiautomator2Driver@2167 (8d248cae)][0m Matched '/status' to command name 'getStatus'
[38;5;32m[AndroidUiautomator2Driver@2167 (8d248cae)][0m Proxying [GET /status] to [GET http://127.0.0.1:8200/status] with no body
[38;5;32m[AndroidUiautomator2Driver@2167 (8d248cae)][0m Got response with status 200: {"sessionId":"None","value":{"message":"UiAutomator2 Server is ready to accept commands","ready":true}}
[38;5;32m[AndroidUiautomator2Driver@2167 (8d248cae)][0m The initialization of the instrumentation process took 2174ms
[38;5;32m[AndroidUiautomator2Driver@2167 (8d248cae)][0m Matched '/session' to command name 'createSession'
[38;5;32m[AndroidUiautomator2Driver@2167 (8d248cae)][0m Proxying [POST /session] to [POST http://127.0.0.1:8200/session] with body: {"capabilities":{"firstMatch":[{"platformName":"Android","deviceName":"emulator-5554","platformVersion":"11.0","automationName":"UiAutomator2","app":"C:\\Users\\m.lialik\\projects\\appium\\app\\android\\ColorNote+Notepad.apk","autoGrantPermissions":true,"platform":"LINUX","webStorageEnabled":false,"takesScreenshot":true,"javascriptEnabled":true,"databaseEnabled":false,"networkConnectionEnabled":true,"locationContextEnabled":false,"warnings":{},"desired":{"platformName":"Android","deviceName":"Pixel 3","platformVersion":"11.0","automationName":"UiAutomator2","app":"C:\\Users\\m.lialik\\projects\\appium\\app\\android\\ColorNote+Notepad.apk","autoGrantPermissions":true},"deviceUDID":"emulator-5554","appPackage":"com.socialnmobile.dictapps.notepad.color.note"}],"alwaysMatch":{}}}
[38;5;32m[AndroidUiautomator2Driver@2167 (8d248cae)][0m Got response with status 200: {"sessionId":"7ed5160c-d0d3-46fd-8825-4ffe68ca9432","value":{"capabilities":{"firstMatch":[{"platformName":"Android","deviceName":"emulator-5554","platformVersion":"11.0","automationName":"UiAutomator2","app":"C:\\Users\\m.lialik\\projects\\appium\\app\\android\\ColorNote+Notepad.apk","autoGrantPermissions":true,"platform":"LINUX","webStorageEnabled":false,"takesScreenshot":true,"javascriptEnabled":true,"databaseEnabled":false,"networkConnectionEnabled":true,"locationContextEnabled":false,"warnings":{},"desired":{"platformName":"Android","deviceName":"Pixel 3","platformVersion":"11.0","automationName":"UiAutomator2","app":"C:\\Users\\m.lialik\\projects\\appium\\app\\android\\ColorNote+Notepad.apk","autoGrantPermissions":true},"deviceUDID":"emulator-5554","appPackage":"com.socialnmobile.dictapps.notepad.color.note"}],"alwaysMatch":{}},"sessionId":"7ed5160c-d0d3-46fd-8825-4ffe68ca9432"}}
[38;5;32m[AndroidUiautomator2Driver@2167 (8d248cae)][0m Determined the downstream protocol as 'W3C'
[38;5;32m[AndroidUiautomator2Driver@2167 (8d248cae)][0m Proxying [GET /appium/device/pixel_ratio] to [GET http://127.0.0.1:8200/session/7ed5160c-d0d3-46fd-8825-4ffe68ca9432/appium/device/pixel_ratio] with no body
[38;5;32m[AndroidUiautomator2Driver@2167 (8d248cae)][0m Matched '/appium/device/system_bars' to command name 'getSystemBars'
[38;5;32m[AndroidUiautomator2Driver@2167 (8d248cae)][0m Proxying [GET /appium/device/system_bars] to [GET http://127.0.0.1:8200/session/7ed5160c-d0d3-46fd-8825-4ffe68ca9432/appium/device/system_bars] with no body
[38;5;32m[AndroidUiautomator2Driver@2167 (8d248cae)][0m Matched '/window/current/size' to command name 'getWindowSize'
[38;5;32m[AndroidUiautomator2Driver@2167 (8d248cae)][0m Proxying [GET /window/current/size] to [GET http://127.0.0.1:8200/session/7ed5160c-d0d3-46fd-8825-4ffe68ca9432/window/current/size] with no body
[38;5;32m[AndroidUiautomator2Driver@2167 (8d248cae)][0m Proxying [GET /appium/device/info] to [GET http://127.0.0.1:8200/session/7ed5160c-d0d3-46fd-8825-4ffe68ca9432/appium/device/info] with no body
[38;5;64m[ADB][0m Running 'C:\Users\m.lialik\AppData\Local\Android\Sdk\platform-tools\adb.exe -P 5037 -s emulator-5554 shell dumpsys window'
[38;5;32m[AndroidUiautomator2Driver@2167 (8d248cae)][0m Got response with status 200: {"sessionId":"7ed5160c-d0d3-46fd-8825-4ffe68ca9432","value":2.75}
[38;5;32m[AndroidUiautomator2Driver@2167 (8d248cae)][0m Got response with status 200: {"sessionId":"7ed5160c-d0d3-46fd-8825-4ffe68ca9432","value":{"statusBar":66}}
[38;5;32m[AndroidUiautomator2Driver@2167 (8d248cae)][0m Got response with status 200: {"sessionId":"7ed5160c-d0d3-46fd-8825-4ffe68ca9432","value":{"height":2160,"width":1080}}
[38;5;32m[AndroidUiautomator2Driver@2167 (8d248cae)][0m Got response with status 200: {"sessionId":"7ed5160c-d0d3-46fd-8825-4ffe68ca9432","value":{"androidId":"2772d78e47b00ed6","apiVersion":"30","bluetooth":{"state":"ON"},"brand":"google","carrierName":"Android","displayDensity":440,"locale":"en_US","manufacturer":"Google","model":"sdk_gphone_x86","networks":[{"capabilities":{"SSID":null,"linkDownBandwidthKbps":30000,"linkUpstreamBandwidthKbps":15000,"networkCapabilities":"NET_CAPABILITY_MMS,NET_CAPABILITY_SUPL,NET_CAPABILITY_DUN,NET_CAPABILITY_FOTA,NET_CAPABILITY_IMS,NET_CAPABILITY_CBS,NET_CAPABILITY_INTERNET,NET_CAPABILITY_NOT_RESTRICTED,NET_CAPABILITY_TRUSTED,NET_CAPABILITY_NOT_VPN,NET_CAPABILITY_VALIDATED,NET_CAPABILITY_NOT_ROAMING,NET_CAPABILITY_NOT_CONGESTED,NET_CAPABILITY_NOT_SUSPENDED","signalStrength":-2147483648,"transportTypes":"TRANSPORT_CELLULAR"},"detailedState":"CONNECTED","extraInfo":"epc.tmobile.com","isAvailable":true,"isConnected":true,"isFailover":false,"isRoaming":false,"state":"CONNECTED","subtype":13,"subtypeName":"LTE","type":0,"typeName":"MOBILE"},{"capabilities":{...
[38;5;32m[AndroidUiautomator2Driver@2167 (8d248cae)][0m Screen already unlocked, doing nothing
[38;5;32m[AndroidUiautomator2Driver@2167 (8d248cae)][0m Starting 'com.socialnmobile.dictapps.notepad.color.note/com.socialnmobile.colornote.activity.Main and waiting for 'com.socialnmobile.dictapps.notepad.color.note/com.socialnmobile.colornote.activity.Main'
[38;5;64m[ADB][0m Running 'C:\Users\m.lialik\AppData\Local\Android\Sdk\platform-tools\adb.exe -P 5037 -s emulator-5554 shell am start -W -n com.socialnmobile.dictapps.notepad.color.note/com.socialnmobile.colornote.activity.Main -S -a android.intent.action.MAIN -c android.intent.category.LAUNCHER -f 0x10200000'
[38;5;64m[ADB][0m Waiting up to 20000ms for activity matching pkg: 'com.socialnmobile.dictapps.notepad.color.note' and activity: 'com.socialnmobile.colornote.activity.Main' to be focused
[38;5;64m[ADB][0m Possible activities, to be checked: 'com.socialnmobile.colornote.activity.Main', 'com.socialnmobile.dictapps.notepad.color.note.com.socialnmobile.colornote.activity.Main'
[38;5;64m[ADB][0m Getting focused package and activity
[38;5;64m[ADB][0m Running 'C:\Users\m.lialik\AppData\Local\Android\Sdk\platform-tools\adb.exe -P 5037 -s emulator-5554 shell dumpsys window displays'
[38;5;64m[ADB][0m Found package: 'com.socialnmobile.dictapps.notepad.color.note' and fully qualified activity name : 'com.socialnmobile.colornote.activity.Main'
[38;5;16m[AppiumDriver@86e3][0m New AndroidUiautomator2Driver session created successfully, session 8d248cae-6f15-4769-9543-6d07c6b01410 added to master session list
[38;5;16m[AppiumDriver@86e3][0m Event 'newSessionStarted' logged at 1707339917461 (22:05:17 GMT+0100 (Central European Standard Time))
[38;5;32m[AndroidUiautomator2Driver@2167 (8d248cae)][0m Cached the protocol value 'W3C' for the new session 8d248cae-6f15-4769-9543-6d07c6b01410
[38;5;32m[AndroidUiautomator2Driver@2167 (8d248cae)][0m Responding to client with driver.createSession() result: {"capabilities":{"platformName":"Android","deviceName":"emulator-5554","platformVersion":"11","automationName":"UiAutomator2","app":"C:\\Users\\m.lialik\\projects\\appium\\app\\android\\ColorNote+Notepad.apk","autoGrantPermissions":true,"platform":"LINUX","webStorageEnabled":false,"takesScreenshot":true,"javascriptEnabled":true,"databaseEnabled":false,"networkConnectionEnabled":true,"locationContextEnabled":false,"warnings":{},"desired":{"platformName":"Android","deviceName":"Pixel 3","platformVersion":"11.0","automationName":"UiAutomator2","app":"C:\\Users\\m.lialik\\projects\\appium\\app\\android\\ColorNote+Notepad.apk","autoGrantPermissions":true},"deviceUDID":"emulator-5554","appPackage":"com.socialnmobile.dictapps.notepad.color.note","pixelRatio":"2.75","statBarHeight":66,"viewportRect":{"left":0,"top":66,"width":1080,"height":2094},"deviceApiLevel":30,"deviceManufacturer":"Google","deviceModel":"sdk_gphone_x86","deviceScreenSize":"1080x2160","deviceScreenDensity":440}}
[38;5;0m[HTTP][0m [37m<-- POST /session [39m[32m200[39m [90m7491 ms - 1050[39m
[38;5;0m[HTTP][0m [90m[39m
[38;5;0m[HTTP][0m [37m-->[39m [37mPOST[39m [37m/session/8d248cae-6f15-4769-9543-6d07c6b01410/element[39m
[38;5;0m[HTTP][0m [90m{"using":"xpath","value":"//*[@resource-id=\"com.socialnmobile.dictapps.notepad.color.note:id/btn_start_skip\"]"}[39m
[38;5;32m[AndroidUiautomator2Driver@2167 (8d248cae)][0m Calling AppiumDriver.findElement() with args: ["xpath","//*[@resource-id=\"com.socialnmobile.dictapps.notepad.color.note:id/btn_start_skip\"]","8d248cae-6f15-4769-9543-6d07c6b01410"]
[38;5;32m[AndroidUiautomator2Driver@2167 (8d248cae)][0m Valid locator strategies for this request: xpath, id, class name, accessibility id, css selector, -android uiautomator
[38;5;32m[AndroidUiautomator2Driver@2167 (8d248cae)][0m Waiting up to 0 ms for condition
[38;5;32m[AndroidUiautomator2Driver@2167 (8d248cae)][0m Matched '/element' to command name 'findElement'
[38;5;32m[AndroidUiautomator2Driver@2167 (8d248cae)][0m Proxying [POST /element] to [POST http://127.0.0.1:8200/session/7ed5160c-d0d3-46fd-8825-4ffe68ca9432/element] with body: {"strategy":"xpath","selector":"//*[@resource-id=\"com.socialnmobile.dictapps.notepad.color.note:id/btn_start_skip\"]","context":"","multiple":false}
[38;5;32m[AndroidUiautomator2Driver@2167 (8d248cae)][0m Got response with status 200: {"sessionId":"7ed5160c-d0d3-46fd-8825-4ffe68ca9432","value":{"ELEMENT":"00000000-0000-0037-ffff-ffff0000008d","element-6066-11e4-a52e-4f735466cecf":"00000000-0000-0037-ffff-ffff0000008d"}}
[38;5;32m[AndroidUiautomator2Driver@2167 (8d248cae)][0m Responding to client with driver.findElement() result: {"element-6066-11e4-a52e-4f735466cecf":"00000000-0000-0037-ffff-ffff0000008d","ELEMENT":"00000000-0000-0037-ffff-ffff0000008d"}
[38;5;0m[HTTP][0m [37m<-- POST /session/8d248cae-6f15-4769-9543-6d07c6b01410/element [39m[32m200[39m [90m1565 ms - 137[39m
[38;5;0m[HTTP][0m [90m[39m
[38;5;0m[HTTP][0m [37m-->[39m [37mPOST[39m [37m/session/8d248cae-6f15-4769-9543-6d07c6b01410/element/00000000-0000-0037-ffff-ffff0000008d/click[39m
[38;5;0m[HTTP][0m [90m{}[39m
[38;5;32m[AndroidUiautomator2Driver@2167 (8d248cae)][0m Calling AppiumDriver.click() with args: ["00000000-0000-0037-ffff-ffff0000008d","8d248cae-6f15-4769-9543-6d07c6b01410"]
[38;5;32m[AndroidUiautomator2Driver@2167 (8d248cae)][0m Matched '/element/00000000-0000-0037-ffff-ffff0000008d/click' to command name 'click'
[38;5;32m[AndroidUiautomator2Driver@2167 (8d248cae)][0m Proxying [POST /element/00000000-0000-0037-ffff-ffff0000008d/click] to [POST http://127.0.0.1:8200/session/7ed5160c-d0d3-46fd-8825-4ffe68ca9432/element/00000000-0000-0037-ffff-ffff0000008d/click] with body: {"element":"00000000-0000-0037-ffff-ffff0000008d"}
[38;5;32m[AndroidUiautomator2Driver@2167 (8d248cae)][0m Got response with status 200: {"sessionId":"7ed5160c-d0d3-46fd-8825-4ffe68ca9432","value":null}
[38;5;32m[AndroidUiautomator2Driver@2167 (8d248cae)][0m Responding to client with driver.click() result: null
[38;5;0m[HTTP][0m [37m<-- POST /session/8d248cae-6f15-4769-9543-6d07c6b01410/element/00000000-0000-0037-ffff-ffff0000008d/click [39m[32m200[39m [90m102 ms - 14[39m
[38;5;0m[HTTP][0m [90m[39m
[38;5;0m[HTTP][0m [37m-->[39m [37mPOST[39m [37m/session/8d248cae-6f15-4769-9543-6d07c6b01410/element[39m
[38;5;0m[HTTP][0m [90m{"using":"xpath","value":"//*[@text=\"Add note\"]"}[39m
[38;5;32m[AndroidUiautomator2Driver@2167 (8d248cae)][0m Calling AppiumDriver.findElement() with args: ["xpath","//*[@text=\"Add note\"]","8d248cae-6f15-4769-9543-6d07c6b01410"]
[38;5;32m[AndroidUiautomator2Driver@2167 (8d248cae)][0m Valid locator strategies for this request: xpath, id, class name, accessibility id, css selector, -android uiautomator
[38;5;32m[AndroidUiautomator2Driver@2167 (8d248cae)][0m Waiting up to 0 ms for condition
[38;5;32m[AndroidUiautomator2Driver@2167 (8d248cae)][0m Matched '/element' to command name 'findElement'
[38;5;32m[AndroidUiautomator2Driver@2167 (8d248cae)][0m Proxying [POST /element] to [POST http://127.0.0.1:8200/session/7ed5160c-d0d3-46fd-8825-4ffe68ca9432/element] with body: {"strategy":"xpath","selector":"//*[@text=\"Add note\"]","context":"","multiple":false}
[38;5;32m[AndroidUiautomator2Driver@2167 (8d248cae)][0m Got response with status 200: {"sessionId":"7ed5160c-d0d3-46fd-8825-4ffe68ca9432","value":{"ELEMENT":"00000000-0000-0036-ffff-ffff00000059","element-6066-11e4-a52e-4f735466cecf":"00000000-0000-0036-ffff-ffff00000059"}}
[38;5;32m[AndroidUiautomator2Driver@2167 (8d248cae)][0m Responding to client with driver.findElement() result: {"element-6066-11e4-a52e-4f735466cecf":"00000000-0000-0036-ffff-ffff00000059","ELEMENT":"00000000-0000-0036-ffff-ffff00000059"}
[38;5;0m[HTTP][0m [37m<-- POST /session/8d248cae-6f15-4769-9543-6d07c6b01410/element [39m[32m200[39m [90m1103 ms - 137[39m
[38;5;0m[HTTP][0m [90m[39m
[38;5;0m[HTTP][0m [37m-->[39m [37mGET[39m [37m/session/8d248cae-6f15-4769-9543-6d07c6b01410/element/00000000-0000-0036-ffff-ffff00000059/displayed[39m
[38;5;0m[HTTP][0m [90m{}[39m
[38;5;32m[AndroidUiautomator2Driver@2167 (8d248cae)][0m Calling AppiumDriver.elementDisplayed() with args: ["00000000-0000-0036-ffff-ffff00000059","8d248cae-6f15-4769-9543-6d07c6b01410"]
[38;5;32m[AndroidUiautomator2Driver@2167 (8d248cae)][0m Matched '/element/00000000-0000-0036-ffff-ffff00000059/attribute/displayed' to command name 'getAttribute'
[38;5;32m[AndroidUiautomator2Driver@2167 (8d248cae)][0m Proxying [GET /element/00000000-0000-0036-ffff-ffff00000059/attribute/displayed] to [GET http://127.0.0.1:8200/session/7ed5160c-d0d3-46fd-8825-4ffe68ca9432/element/00000000-0000-0036-ffff-ffff00000059/attribute/displayed] with no body
[38;5;32m[AndroidUiautomator2Driver@2167 (8d248cae)][0m Got response with status 200: {"sessionId":"7ed5160c-d0d3-46fd-8825-4ffe68ca9432","value":"true"}
[38;5;32m[AndroidUiautomator2Driver@2167 (8d248cae)][0m Responding to client with driver.elementDisplayed() result: true
[38;5;0m[HTTP][0m [37m<-- GET /session/8d248cae-6f15-4769-9543-6d07c6b01410/element/00000000-0000-0036-ffff-ffff00000059/displayed [39m[32m200[39m [90m23 ms - 14[39m
[38;5;0m[HTTP][0m [90m[39m
[38;5;0m[HTTP][0m [37m-->[39m [37mPOST[39m [37m/session/8d248cae-6f15-4769-9543-6d07c6b01410/element[39m
[38;5;0m[HTTP][0m [90m{"using":"xpath","value":"//*[@text=\"Add note\"]"}[39m
[38;5;32m[AndroidUiautomator2Driver@2167 (8d248cae)][0m Calling AppiumDriver.findElement() with args: ["xpath","//*[@text=\"Add note\"]","8d248cae-6f15-4769-9543-6d07c6b01410"]
[38;5;32m[AndroidUiautomator2Driver@2167 (8d248cae)][0m Valid locator strategies for this request: xpath, id, class name, accessibility id, css selector, -android uiautomator
[38;5;32m[AndroidUiautomator2Driver@2167 (8d248cae)][0m Waiting up to 0 ms for condition
[38;5;32m[AndroidUiautomator2Driver@2167 (8d248cae)][0m Matched '/element' to command name 'findElement'
[38;5;32m[AndroidUiautomator2Driver@2167 (8d248cae)][0m Proxying [POST /element] to [POST http://127.0.0.1:8200/session/7ed5160c-d0d3-46fd-8825-4ffe68ca9432/element] with body: {"strategy":"xpath","selector":"//*[@text=\"Add note\"]","context":"","multiple":false}
[38;5;32m[AndroidUiautomator2Driver@2167 (8d248cae)][0m Got response with status 200: {"sessionId":"7ed5160c-d0d3-46fd-8825-4ffe68ca9432","value":{"ELEMENT":"00000000-0000-0036-ffff-ffff00000059","element-6066-11e4-a52e-4f735466cecf":"00000000-0000-0036-ffff-ffff00000059"}}
[38;5;32m[AndroidUiautomator2Driver@2167 (8d248cae)][0m Responding to client with driver.findElement() result: {"element-6066-11e4-a52e-4f735466cecf":"00000000-0000-0036-ffff-ffff00000059","ELEMENT":"00000000-0000-0036-ffff-ffff00000059"}
[38;5;0m[HTTP][0m [37m<-- POST /session/8d248cae-6f15-4769-9543-6d07c6b01410/element [39m[32m200[39m [90m76 ms - 137[39m
[38;5;0m[HTTP][0m [90m[39m
[38;5;0m[HTTP][0m [37m-->[39m [37mPOST[39m [37m/session/8d248cae-6f15-4769-9543-6d07c6b01410/element/00000000-0000-0036-ffff-ffff00000059/click[39m
[38;5;0m[HTTP][0m [90m{}[39m
[38;5;32m[AndroidUiautomator2Driver@2167 (8d248cae)][0m Calling AppiumDriver.click() with args: ["00000000-0000-0036-ffff-ffff00000059","8d248cae-6f15-4769-9543-6d07c6b01410"]
[38;5;32m[AndroidUiautomator2Driver@2167 (8d248cae)][0m Matched '/element/00000000-0000-0036-ffff-ffff00000059/click' to command name 'click'
[38;5;32m[AndroidUiautomator2Driver@2167 (8d248cae)][0m Proxying [POST /element/00000000-0000-0036-ffff-ffff00000059/click] to [POST http://127.0.0.1:8200/session/7ed5160c-d0d3-46fd-8825-4ffe68ca9432/element/00000000-0000-0036-ffff-ffff00000059/click] with body: {"element":"00000000-0000-0036-ffff-ffff00000059"}
[38;5;32m[AndroidUiautomator2Driver@2167 (8d248cae)][0m Got response with status 200: {"sessionId":"7ed5160c-d0d3-46fd-8825-4ffe68ca9432","value":null}
[38;5;32m[AndroidUiautomator2Driver@2167 (8d248cae)][0m Responding to client with driver.click() result: null
[38;5;0m[HTTP][0m [37m<-- POST /session/8d248cae-6f15-4769-9543-6d07c6b01410/element/00000000-0000-0036-ffff-ffff00000059/click [39m[32m200[39m [90m774 ms - 14[39m
[38;5;0m[HTTP][0m [90m[39m
[38;5;0m[HTTP][0m [37m-->[39m [37mPOST[39m [37m/session/8d248cae-6f15-4769-9543-6d07c6b01410/element[39m
[38;5;0m[HTTP][0m [90m{"using":"xpath","value":"//*[@text=\"Text\"]"}[39m
[38;5;32m[AndroidUiautomator2Driver@2167 (8d248cae)][0m Calling AppiumDriver.findElement() with args: ["xpath","//*[@text=\"Text\"]","8d248cae-6f15-4769-9543-6d07c6b01410"]
[38;5;32m[AndroidUiautomator2Driver@2167 (8d248cae)][0m Valid locator strategies for this request: xpath, id, class name, accessibility id, css selector, -android uiautomator
[38;5;32m[AndroidUiautomator2Driver@2167 (8d248cae)][0m Waiting up to 0 ms for condition
[38;5;32m[AndroidUiautomator2Driver@2167 (8d248cae)][0m Matched '/element' to command name 'findElement'
[38;5;32m[AndroidUiautomator2Driver@2167 (8d248cae)][0m Proxying [POST /element] to [POST http://127.0.0.1:8200/session/7ed5160c-d0d3-46fd-8825-4ffe68ca9432/element] with body: {"strategy":"xpath","selector":"//*[@text=\"Text\"]","context":"","multiple":false}
[38;5;32m[AndroidUiautomator2Driver@2167 (8d248cae)][0m Got response with status 200: {"sessionId":"7ed5160c-d0d3-46fd-8825-4ffe68ca9432","value":{"ELEMENT":"00000000-0000-0038-ffff-ffff000000aa","element-6066-11e4-a52e-4f735466cecf":"00000000-0000-0038-ffff-ffff000000aa"}}
[38;5;32m[AndroidUiautomator2Driver@2167 (8d248cae)][0m Responding to client with driver.findElement() result: {"element-6066-11e4-a52e-4f735466cecf":"00000000-0000-0038-ffff-ffff000000aa","ELEMENT":"00000000-0000-0038-ffff-ffff000000aa"}
[38;5;0m[HTTP][0m [37m<-- POST /session/8d248cae-6f15-4769-9543-6d07c6b01410/element [39m[32m200[39m [90m68 ms - 137[39m
[38;5;0m[HTTP][0m [90m[39m
[38;5;0m[HTTP][0m [37m-->[39m [37mPOST[39m [37m/session/8d248cae-6f15-4769-9543-6d07c6b01410/element/00000000-0000-0038-ffff-ffff000000aa/click[39m
[38;5;0m[HTTP][0m [90m{}[39m
[38;5;32m[AndroidUiautomator2Driver@2167 (8d248cae)][0m Calling AppiumDriver.click() with args: ["00000000-0000-0038-ffff-ffff000000aa","8d248cae-6f15-4769-9543-6d07c6b01410"]
[38;5;32m[AndroidUiautomator2Driver@2167 (8d248cae)][0m Matched '/element/00000000-0000-0038-ffff-ffff000000aa/click' to command name 'click'
[38;5;32m[AndroidUiautomator2Driver@2167 (8d248cae)][0m Proxying [POST /element/00000000-0000-0038-ffff-ffff000000aa/click] to [POST http://127.0.0.1:8200/session/7ed5160c-d0d3-46fd-8825-4ffe68ca9432/element/00000000-0000-0038-ffff-ffff000000aa/click] with body: {"element":"00000000-0000-0038-ffff-ffff000000aa"}
[38;5;32m[AndroidUiautomator2Driver@2167 (8d248cae)][0m Got response with status 200: {"sessionId":"7ed5160c-d0d3-46fd-8825-4ffe68ca9432","value":null}
[38;5;32m[AndroidUiautomator2Driver@2167 (8d248cae)][0m Responding to client with driver.click() result: null
[38;5;0m[HTTP][0m [37m<-- POST /session/8d248cae-6f15-4769-9543-6d07c6b01410/element/00000000-0000-0038-ffff-ffff000000aa/click [39m[32m200[39m [90m1725 ms - 14[39m
[38;5;0m[HTTP][0m [90m[39m
[38;5;0m[HTTP][0m [37m-->[39m [37mPOST[39m [37m/session/8d248cae-6f15-4769-9543-6d07c6b01410/element[39m
[38;5;0m[HTTP][0m [90m{"using":"xpath","value":"//*[@text=\"Editing\"]"}[39m
[38;5;32m[AndroidUiautomator2Driver@2167 (8d248cae)][0m Calling AppiumDriver.findElement() with args: ["xpath","//*[@text=\"Editing\"]","8d248cae-6f15-4769-9543-6d07c6b01410"]
[38;5;32m[AndroidUiautomator2Driver@2167 (8d248cae)][0m Valid locator strategies for this request: xpath, id, class name, accessibility id, css selector, -android uiautomator
[38;5;32m[AndroidUiautomator2Driver@2167 (8d248cae)][0m Waiting up to 0 ms for condition
[38;5;32m[AndroidUiautomator2Driver@2167 (8d248cae)][0m Matched '/element' to command name 'findElement'
[38;5;32m[AndroidUiautomator2Driver@2167 (8d248cae)][0m Proxying [POST /element] to [POST http://127.0.0.1:8200/session/7ed5160c-d0d3-46fd-8825-4ffe68ca9432/element] with body: {"strategy":"xpath","selector":"//*[@text=\"Editing\"]","context":"","multiple":false}
[38;5;32m[AndroidUiautomator2Driver@2167 (8d248cae)][0m Got response with status 200: {"sessionId":"7ed5160c-d0d3-46fd-8825-4ffe68ca9432","value":{"ELEMENT":"00000000-0000-0039-ffff-ffff000000dc","element-6066-11e4-a52e-4f735466cecf":"00000000-0000-0039-ffff-ffff000000dc"}}
[38;5;32m[AndroidUiautomator2Driver@2167 (8d248cae)][0m Responding to client with driver.findElement() result: {"element-6066-11e4-a52e-4f735466cecf":"00000000-0000-0039-ffff-ffff000000dc","ELEMENT":"00000000-0000-0039-ffff-ffff000000dc"}
[38;5;0m[HTTP][0m [37m<-- POST /session/8d248cae-6f15-4769-9543-6d07c6b01410/element [39m[32m200[39m [90m67 ms - 137[39m
[38;5;0m[HTTP][0m [90m[39m
[38;5;0m[HTTP][0m [37m-->[39m [37mGET[39m [37m/session/8d248cae-6f15-4769-9543-6d07c6b01410/element/00000000-0000-0039-ffff-ffff000000dc/displayed[39m
[38;5;0m[HTTP][0m [90m{}[39m
[38;5;32m[AndroidUiautomator2Driver@2167 (8d248cae)][0m Calling AppiumDriver.elementDisplayed() with args: ["00000000-0000-0039-ffff-ffff000000dc","8d248cae-6f15-4769-9543-6d07c6b01410"]
[38;5;32m[AndroidUiautomator2Driver@2167 (8d248cae)][0m Matched '/element/00000000-0000-0039-ffff-ffff000000dc/attribute/displayed' to command name 'getAttribute'
[38;5;32m[AndroidUiautomator2Driver@2167 (8d248cae)][0m Proxying [GET /element/00000000-0000-0039-ffff-ffff000000dc/attribute/displayed] to [GET http://127.0.0.1:8200/session/7ed5160c-d0d3-46fd-8825-4ffe68ca9432/element/00000000-0000-0039-ffff-ffff000000dc/attribute/displayed] with no body
[38;5;32m[AndroidUiautomator2Driver@2167 (8d248cae)][0m Got response with status 200: {"sessionId":"7ed5160c-d0d3-46fd-8825-4ffe68ca9432","value":"true"}
[38;5;32m[AndroidUiautomator2Driver@2167 (8d248cae)][0m Responding to client with driver.elementDisplayed() result: true
[38;5;0m[HTTP][0m [37m<-- GET /session/8d248cae-6f15-4769-9543-6d07c6b01410/element/00000000-0000-0039-ffff-ffff000000dc/displayed [39m[32m200[39m [90m29 ms - 14[39m
[38;5;0m[HTTP][0m [90m[39m
[38;5;0m[HTTP][0m [37m-->[39m [37mPOST[39m [37m/session/8d248cae-6f15-4769-9543-6d07c6b01410/element[39m
[38;5;0m[HTTP][0m [90m{"using":"xpath","value":"//*[@resource-id=\"com.socialnmobile.dictapps.notepad.color.note:id/edit_title\"]"}[39m
[38;5;32m[AndroidUiautomator2Driver@2167 (8d248cae)][0m Calling AppiumDriver.findElement() with args: ["xpath","//*[@resource-id=\"com.socialnmobile.dictapps.notepad.color.note:id/edit_title\"]","8d248cae-6f15-4769-9543-6d07c6b01410"]
[38;5;32m[AndroidUiautomator2Driver@2167 (8d248cae)][0m Valid locator strategies for this request: xpath, id, class name, accessibility id, css selector, -android uiautomator
[38;5;32m[AndroidUiautomator2Driver@2167 (8d248cae)][0m Waiting up to 0 ms for condition
[38;5;32m[AndroidUiautomator2Driver@2167 (8d248cae)][0m Matched '/element' to command name 'findElement'
[38;5;32m[AndroidUiautomator2Driver@2167 (8d248cae)][0m Proxying [POST /element] to [POST http://127.0.0.1:8200/session/7ed5160c-d0d3-46fd-8825-4ffe68ca9432/element] with body: {"strategy":"xpath","selector":"//*[@resource-id=\"com.socialnmobile.dictapps.notepad.color.note:id/edit_title\"]","context":"","multiple":false}
[38;5;32m[AndroidUiautomator2Driver@2167 (8d248cae)][0m Got response with status 200: {"sessionId":"7ed5160c-d0d3-46fd-8825-4ffe68ca9432","value":{"ELEMENT":"00000000-0000-0039-ffff-ffff000000d2","element-6066-11e4-a52e-4f735466cecf":"00000000-0000-0039-ffff-ffff000000d2"}}
[38;5;32m[AndroidUiautomator2Driver@2167 (8d248cae)][0m Responding to client with driver.findElement() result: {"element-6066-11e4-a52e-4f735466cecf":"00000000-0000-0039-ffff-ffff000000d2","ELEMENT":"00000000-0000-0039-ffff-ffff000000d2"}
[38;5;0m[HTTP][0m [37m<-- POST /session/8d248cae-6f15-4769-9543-6d07c6b01410/element [39m[32m200[39m [90m90 ms - 137[39m
[38;5;0m[HTTP][0m [90m[39m
[38;5;0m[HTTP][0m [37m-->[39m [37mPOST[39m [37m/session/8d248cae-6f15-4769-9543-6d07c6b01410/element/00000000-0000-0039-ffff-ffff000000d2/value[39m
[38;5;0m[HTTP][0m [90m{"text":"TV shows"}[39m
[38;5;32m[AndroidUiautomator2Driver@2167 (8d248cae)][0m Calling AppiumDriver.setValue() with args: ["TV shows","00000000-0000-0039-ffff-ffff000000d2","8d248cae-6f15-4769-9543-6d07c6b01410"]
[38;5;32m[AndroidUiautomator2Driver@2167 (8d248cae)][0m Matched '/element/00000000-0000-0039-ffff-ffff000000d2/value' to command name 'setValue'
[38;5;32m[AndroidUiautomator2Driver@2167 (8d248cae)][0m Added 'value' property ["T","V"," ","s","h","o","w","s"] to 'setValue' request body
[38;5;32m[AndroidUiautomator2Driver@2167 (8d248cae)][0m Proxying [POST /element/00000000-0000-0039-ffff-ffff000000d2/value] to [POST http://127.0.0.1:8200/session/7ed5160c-d0d3-46fd-8825-4ffe68ca9432/element/00000000-0000-0039-ffff-ffff000000d2/value] with body: {"elementId":"00000000-0000-0039-ffff-ffff000000d2","text":"TV shows","replace":false,"value":["T","V"," ","s","h","o","w","s"]}
[38;5;32m[AndroidUiautomator2Driver@2167 (8d248cae)][0m Got response with status 200: {"sessionId":"7ed5160c-d0d3-46fd-8825-4ffe68ca9432","value":null}
[38;5;32m[AndroidUiautomator2Driver@2167 (8d248cae)][0m Responding to client with driver.setValue() result: null
[38;5;0m[HTTP][0m [37m<-- POST /session/8d248cae-6f15-4769-9543-6d07c6b01410/element/00000000-0000-0039-ffff-ffff000000d2/value [39m[32m200[39m [90m128 ms - 14[39m
[38;5;0m[HTTP][0m [90m[39m
[38;5;0m[HTTP][0m [37m-->[39m [37mPOST[39m [37m/session/8d248cae-6f15-4769-9543-6d07c6b01410/element[39m
[38;5;0m[HTTP][0m [90m{"using":"xpath","value":"//*[@resource-id=\"com.socialnmobile.dictapps.notepad.color.note:id/edit_note\"]"}[39m
[38;5;32m[AndroidUiautomator2Driver@2167 (8d248cae)][0m Calling AppiumDriver.findElement() with args: ["xpath","//*[@resource-id=\"com.socialnmobile.dictapps.notepad.color.note:id/edit_note\"]","8d248cae-6f15-4769-9543-6d07c6b01410"]
[38;5;32m[AndroidUiautomator2Driver@2167 (8d248cae)][0m Valid locator strategies for this request: xpath, id, class name, accessibility id, css selector, -android uiautomator
[38;5;32m[AndroidUiautomator2Driver@2167 (8d248cae)][0m Waiting up to 0 ms for condition
[38;5;32m[AndroidUiautomator2Driver@2167 (8d248cae)][0m Matched '/element' to command name 'findElement'
[38;5;32m[AndroidUiautomator2Driver@2167 (8d248cae)][0m Proxying [POST /element] to [POST http://127.0.0.1:8200/session/7ed5160c-d0d3-46fd-8825-4ffe68ca9432/element] with body: {"strategy":"xpath","selector":"//*[@resource-id=\"com.socialnmobile.dictapps.notepad.color.note:id/edit_note\"]","context":"","multiple":false}
[38;5;32m[AndroidUiautomator2Driver@2167 (8d248cae)][0m Got response with status 200: {"sessionId":"7ed5160c-d0d3-46fd-8825-4ffe68ca9432","value":{"ELEMENT":"00000000-0000-0039-ffff-ffff000000e3","element-6066-11e4-a52e-4f735466cecf":"00000000-0000-0039-ffff-ffff000000e3"}}
[38;5;32m[AndroidUiautomator2Driver@2167 (8d248cae)][0m Responding to client with driver.findElement() result: {"element-6066-11e4-a52e-4f735466cecf":"00000000-0000-0039-ffff-ffff000000e3","ELEMENT":"00000000-0000-0039-ffff-ffff000000e3"}
[38;5;0m[HTTP][0m [37m<-- POST /session/8d248cae-6f15-4769-9543-6d07c6b01410/element [39m[32m200[39m [90m536 ms - 137[39m
[38;5;0m[HTTP][0m [90m[39m
[38;5;0m[HTTP][0m [37m-->[39m [37mPOST[39m [37m/session/8d248cae-6f15-4769-9543-6d07c6b01410/element/00000000-0000-0039-ffff-ffff000000e3/value[39m
[38;5;0m[HTTP][0m [90m{"text":"Friends\nBreakingBad\nPeakyBlinders"}[39m
[38;5;32m[AndroidUiautomator2Driver@2167 (8d248cae)][0m Calling AppiumDriver.setValue() with args: ["Friends\nBreakingBad\nPeakyBlinders","00000000-0000-0039-ffff-ffff000000e3","8d248cae-6f15-4769-9543-6d07c6b01410"]
[38;5;32m[AndroidUiautomator2Driver@2167 (8d248cae)][0m Matched '/element/00000000-0000-0039-ffff-ffff000000e3/value' to command name 'setValue'
[38;5;32m[AndroidUiautomator2Driver@2167 (8d248cae)][0m Added 'value' property ["F","r","i","e","n","d","s","\n","B","r","e","a","k","i","n","g","B","a","d","\n","P","e","a","k","y","B","l","i","n","d","e","r","s"] to 'setValue' request body
[38;5;32m[AndroidUiautomator2Driver@2167 (8d248cae)][0m Proxying [POST /element/00000000-0000-0039-ffff-ffff000000e3/value] to [POST http://127.0.0.1:8200/session/7ed5160c-d0d3-46fd-8825-4ffe68ca9432/element/00000000-0000-0039-ffff-ffff000000e3/value] with body: {"elementId":"00000000-0000-0039-ffff-ffff000000e3","text":"Friends\nBreakingBad\nPeakyBlinders","replace":false,"value":["F","r","i","e","n","d","s","\n","B","r","e","a","k","i","n","g","B","a","d","\n","P","e","a","k","y","B","l","i","n","d","e","r","s"]}
[38;5;32m[AndroidUiautomator2Driver@2167 (8d248cae)][0m Got response with status 200: {"sessionId":"7ed5160c-d0d3-46fd-8825-4ffe68ca9432","value":null}
[38;5;32m[AndroidUiautomator2Driver@2167 (8d248cae)][0m Responding to client with driver.setValue() result: null
[38;5;0m[HTTP][0m [37m<-- POST /session/8d248cae-6f15-4769-9543-6d07c6b01410/element/00000000-0000-0039-ffff-ffff000000e3/value [39m[32m200[39m [90m42 ms - 14[39m
[38;5;0m[HTTP][0m [90m[39m
[38;5;0m[HTTP][0m [37m-->[39m [37mPOST[39m [37m/session/8d248cae-6f15-4769-9543-6d07c6b01410/back[39m
[38;5;0m[HTTP][0m [90m{}[39m
[38;5;32m[AndroidUiautomator2Driver@2167 (8d248cae)][0m Driver proxy active, passing request on via HTTP proxy
[38;5;32m[AndroidUiautomator2Driver@2167 (8d248cae)][0m Matched '/session/8d248cae-6f15-4769-9543-6d07c6b01410/back' to command name 'back'
[38;5;32m[AndroidUiautomator2Driver@2167 (8d248cae)][0m Proxying [POST /session/8d248cae-6f15-4769-9543-6d07c6b01410/back] to [POST http://127.0.0.1:8200/session/7ed5160c-d0d3-46fd-8825-4ffe68ca9432/back] with body: {}
[38;5;32m[AndroidUiautomator2Driver@2167 (8d248cae)][0m Got response with status 200: {"sessionId":"7ed5160c-d0d3-46fd-8825-4ffe68ca9432","value":null}
[38;5;32m[AndroidUiautomator2Driver@2167 (8d248cae)][0m Replacing sessionId 7ed5160c-d0d3-46fd-8825-4ffe68ca9432 with 8d248cae-6f15-4769-9543-6d07c6b01410
[38;5;0m[HTTP][0m [37m<-- POST /session/8d248cae-6f15-4769-9543-6d07c6b01410/back [39m[32m200[39m [90m1017 ms - 65[39m
[38;5;0m[HTTP][0m [90m[39m
[38;5;0m[HTTP][0m [37m-->[39m [37mPOST[39m [37m/session/8d248cae-6f15-4769-9543-6d07c6b01410/back[39m
[38;5;0m[HTTP][0m [90m{}[39m
[38;5;32m[AndroidUiautomator2Driver@2167 (8d248cae)][0m Driver proxy active, passing request on via HTTP proxy
[38;5;32m[AndroidUiautomator2Driver@2167 (8d248cae)][0m Matched '/session/8d248cae-6f15-4769-9543-6d07c6b01410/back' to command name 'back'
[38;5;32m[AndroidUiautomator2Driver@2167 (8d248cae)][0m Proxying [POST /session/8d248cae-6f15-4769-9543-6d07c6b01410/back] to [POST http://127.0.0.1:8200/session/7ed5160c-d0d3-46fd-8825-4ffe68ca9432/back] with body: {}
[38;5;32m[AndroidUiautomator2Driver@2167 (8d248cae)][0m Got response with status 200: {"sessionId":"7ed5160c-d0d3-46fd-8825-4ffe68ca9432","value":null}
[38;5;32m[AndroidUiautomator2Driver@2167 (8d248cae)][0m Replacing sessionId 7ed5160c-d0d3-46fd-8825-4ffe68ca9432 with 8d248cae-6f15-4769-9543-6d07c6b01410
[38;5;0m[HTTP][0m [37m<-- POST /session/8d248cae-6f15-4769-9543-6d07c6b01410/back [39m[32m200[39m [90m707 ms - 65[39m
[38;5;0m[HTTP][0m [90m[39m
[38;5;0m[HTTP][0m [37m-->[39m [37mPOST[39m [37m/session/8d248cae-6f15-4769-9543-6d07c6b01410/back[39m
[38;5;0m[HTTP][0m [90m{}[39m
[38;5;32m[AndroidUiautomator2Driver@2167 (8d248cae)][0m Driver proxy active, passing request on via HTTP proxy
[38;5;32m[AndroidUiautomator2Driver@2167 (8d248cae)][0m Matched '/session/8d248cae-6f15-4769-9543-6d07c6b01410/back' to command name 'back'
[38;5;32m[AndroidUiautomator2Driver@2167 (8d248cae)][0m Proxying [POST /session/8d248cae-6f15-4769-9543-6d07c6b01410/back] to [POST http://127.0.0.1:8200/session/7ed5160c-d0d3-46fd-8825-4ffe68ca9432/back] with body: {}
[38;5;32m[AndroidUiautomator2Driver@2167 (8d248cae)][0m Got response with status 200: {"sessionId":"7ed5160c-d0d3-46fd-8825-4ffe68ca9432","value":null}
[38;5;32m[AndroidUiautomator2Driver@2167 (8d248cae)][0m Replacing sessionId 7ed5160c-d0d3-46fd-8825-4ffe68ca9432 with 8d248cae-6f15-4769-9543-6d07c6b01410
[38;5;0m[HTTP][0m [37m<-- POST /session/8d248cae-6f15-4769-9543-6d07c6b01410/back [39m[32m200[39m [90m1530 ms - 65[39m
[38;5;0m[HTTP][0m [90m[39m
[38;5;0m[HTTP][0m [37m-->[39m [37mPOST[39m [37m/session/8d248cae-6f15-4769-9543-6d07c6b01410/element[39m
[38;5;0m[HTTP][0m [90m{"using":"xpath","value":"//*[@resource-id=\"com.socialnmobile.dictapps.notepad.color.note:id/title\"]"}[39m
[38;5;32m[AndroidUiautomator2Driver@2167 (8d248cae)][0m Calling AppiumDriver.findElement() with args: ["xpath","//*[@resource-id=\"com.socialnmobile.dictapps.notepad.color.note:id/title\"]","8d248cae-6f15-4769-9543-6d07c6b01410"]
[38;5;32m[AndroidUiautomator2Driver@2167 (8d248cae)][0m Valid locator strategies for this request: xpath, id, class name, accessibility id, css selector, -android uiautomator
[38;5;32m[AndroidUiautomator2Driver@2167 (8d248cae)][0m Waiting up to 0 ms for condition
[38;5;32m[AndroidUiautomator2Driver@2167 (8d248cae)][0m Matched '/element' to command name 'findElement'
[38;5;32m[AndroidUiautomator2Driver@2167 (8d248cae)][0m Proxying [POST /element] to [POST http://127.0.0.1:8200/session/7ed5160c-d0d3-46fd-8825-4ffe68ca9432/element] with body: {"strategy":"xpath","selector":"//*[@resource-id=\"com.socialnmobile.dictapps.notepad.color.note:id/title\"]","context":"","multiple":false}
[38;5;32m[AndroidUiautomator2Driver@2167 (8d248cae)][0m Got response with status 200: {"sessionId":"7ed5160c-d0d3-46fd-8825-4ffe68ca9432","value":{"ELEMENT":"00000000-0000-0036-ffff-ffff000000f0","element-6066-11e4-a52e-4f735466cecf":"00000000-0000-0036-ffff-ffff000000f0"}}
[38;5;32m[AndroidUiautomator2Driver@2167 (8d248cae)][0m Responding to client with driver.findElement() result: {"element-6066-11e4-a52e-4f735466cecf":"00000000-0000-0036-ffff-ffff000000f0","ELEMENT":"00000000-0000-0036-ffff-ffff000000f0"}
[38;5;0m[HTTP][0m [37m<-- POST /session/8d248cae-6f15-4769-9543-6d07c6b01410/element [39m[32m200[39m [90m584 ms - 137[39m
[38;5;0m[HTTP][0m [90m[39m
[38;5;0m[HTTP][0m [37m-->[39m [37mGET[39m [37m/session/8d248cae-6f15-4769-9543-6d07c6b01410/element/00000000-0000-0036-ffff-ffff000000f0/text[39m
[38;5;0m[HTTP][0m [90m{}[39m
[38;5;32m[AndroidUiautomator2Driver@2167 (8d248cae)][0m Driver proxy active, passing request on via HTTP proxy
[38;5;32m[AndroidUiautomator2Driver@2167 (8d248cae)][0m Matched '/session/8d248cae-6f15-4769-9543-6d07c6b01410/element/00000000-0000-0036-ffff-ffff000000f0/text' to command name 'getText'
[38;5;32m[AndroidUiautomator2Driver@2167 (8d248cae)][0m Proxying [GET /session/8d248cae-6f15-4769-9543-6d07c6b01410/element/00000000-0000-0036-ffff-ffff000000f0/text] to [GET http://127.0.0.1:8200/session/7ed5160c-d0d3-46fd-8825-4ffe68ca9432/element/00000000-0000-0036-ffff-ffff000000f0/text] with no body
[38;5;32m[AndroidUiautomator2Driver@2167 (8d248cae)][0m Got response with status 200: {"sessionId":"7ed5160c-d0d3-46fd-8825-4ffe68ca9432","value":"TV shows"}
[38;5;32m[AndroidUiautomator2Driver@2167 (8d248cae)][0m Replacing sessionId 7ed5160c-d0d3-46fd-8825-4ffe68ca9432 with 8d248cae-6f15-4769-9543-6d07c6b01410
[38;5;0m[HTTP][0m [37m<-- GET /session/8d248cae-6f15-4769-9543-6d07c6b01410/element/00000000-0000-0036-ffff-ffff000000f0/text [39m[32m200[39m [90m20 ms - 71[39m
[38;5;0m[HTTP][0m [90m[39m
[38;5;0m[HTTP][0m [37m-->[39m [37mPOST[39m [37m/session/8d248cae-6f15-4769-9543-6d07c6b01410/element[39m
[38;5;0m[HTTP][0m [90m{"using":"xpath","value":"//*[@resource-id=\"com.socialnmobile.dictapps.notepad.color.note:id/title\"]"}[39m
[38;5;32m[AndroidUiautomator2Driver@2167 (8d248cae)][0m Calling AppiumDriver.findElement() with args: ["xpath","//*[@resource-id=\"com.socialnmobile.dictapps.notepad.color.note:id/title\"]","8d248cae-6f15-4769-9543-6d07c6b01410"]
[38;5;32m[AndroidUiautomator2Driver@2167 (8d248cae)][0m Valid locator strategies for this request: xpath, id, class name, accessibility id, css selector, -android uiautomator
[38;5;32m[AndroidUiautomator2Driver@2167 (8d248cae)][0m Waiting up to 0 ms for condition
[38;5;32m[AndroidUiautomator2Driver@2167 (8d248cae)][0m Matched '/element' to command name 'findElement'
[38;5;32m[AndroidUiautomator2Driver@2167 (8d248cae)][0m Proxying [POST /element] to [POST http://127.0.0.1:8200/session/7ed5160c-d0d3-46fd-8825-4ffe68ca9432/element] with body: {"strategy":"xpath","selector":"//*[@resource-id=\"com.socialnmobile.dictapps.notepad.color.note:id/title\"]","context":"","multiple":false}
[38;5;32m[AndroidUiautomator2Driver@2167 (8d248cae)][0m Got response with status 200: {"sessionId":"7ed5160c-d0d3-46fd-8825-4ffe68ca9432","value":{"ELEMENT":"00000000-0000-0036-ffff-ffff000000f0","element-6066-11e4-a52e-4f735466cecf":"00000000-0000-0036-ffff-ffff000000f0"}}
[38;5;32m[AndroidUiautomator2Driver@2167 (8d248cae)][0m Responding to client with driver.findElement() result: {"element-6066-11e4-a52e-4f735466cecf":"00000000-0000-0036-ffff-ffff000000f0","ELEMENT":"00000000-0000-0036-ffff-ffff000000f0"}
[38;5;0m[HTTP][0m [37m<-- POST /session/8d248cae-6f15-4769-9543-6d07c6b01410/element [39m[32m200[39m [90m71 ms - 137[39m
[38;5;0m[HTTP][0m [90m[39m
[38;5;0m[HTTP][0m [37m-->[39m [37mPOST[39m [37m/session/8d248cae-6f15-4769-9543-6d07c6b01410/element/00000000-0000-0036-ffff-ffff000000f0/click[39m
[38;5;0m[HTTP][0m [90m{}[39m
[38;5;32m[AndroidUiautomator2Driver@2167 (8d248cae)][0m Calling AppiumDriver.click() with args: ["00000000-0000-0036-ffff-ffff000000f0","8d248cae-6f15-4769-9543-6d07c6b01410"]
[38;5;32m[AndroidUiautomator2Driver@2167 (8d248cae)][0m Matched '/element/00000000-0000-0036-ffff-ffff000000f0/click' to command name 'click'
[38;5;32m[AndroidUiautomator2Driver@2167 (8d248cae)][0m Proxying [POST /element/00000000-0000-0036-ffff-ffff000000f0/click] to [POST http://127.0.0.1:8200/session/7ed5160c-d0d3-46fd-8825-4ffe68ca9432/element/00000000-0000-0036-ffff-ffff000000f0/click] with body: {"element":"00000000-0000-0036-ffff-ffff000000f0"}
[38;5;32m[AndroidUiautomator2Driver@2167 (8d248cae)][0m Got response with status 200: {"sessionId":"7ed5160c-d0d3-46fd-8825-4ffe68ca9432","value":null}
[38;5;32m[AndroidUiautomator2Driver@2167 (8d248cae)][0m Responding to client with driver.click() result: null
[38;5;0m[HTTP][0m [37m<-- POST /session/8d248cae-6f15-4769-9543-6d07c6b01410/element/00000000-0000-0036-ffff-ffff000000f0/click [39m[32m200[39m [90m969 ms - 14[39m
[38;5;0m[HTTP][0m [90m[39m
[38;5;0m[HTTP][0m [37m-->[39m [37mPOST[39m [37m/session/8d248cae-6f15-4769-9543-6d07c6b01410/element[39m
[38;5;0m[HTTP][0m [90m{"using":"accessibility id","value":"More"}[39m
[38;5;32m[AndroidUiautomator2Driver@2167 (8d248cae)][0m Calling AppiumDriver.findElement() with args: ["accessibility id","More","8d248cae-6f15-4769-9543-6d07c6b01410"]
[38;5;32m[AndroidUiautomator2Driver@2167 (8d248cae)][0m Valid locator strategies for this request: xpath, id, class name, accessibility id, css selector, -android uiautomator
[38;5;32m[AndroidUiautomator2Driver@2167 (8d248cae)][0m Waiting up to 0 ms for condition
[38;5;32m[AndroidUiautomator2Driver@2167 (8d248cae)][0m Matched '/element' to command name 'findElement'
[38;5;32m[AndroidUiautomator2Driver@2167 (8d248cae)][0m Proxying [POST /element] to [POST http://127.0.0.1:8200/session/7ed5160c-d0d3-46fd-8825-4ffe68ca9432/element] with body: {"strategy":"accessibility id","selector":"More","context":"","multiple":false}
[38;5;32m[AndroidUiautomator2Driver@2167 (8d248cae)][0m Got response with status 200: {"sessionId":"7ed5160c-d0d3-46fd-8825-4ffe68ca9432","value":{"ELEMENT":"00000000-0000-003b-ffff-ffff00000139","element-6066-11e4-a52e-4f735466cecf":"00000000-0000-003b-ffff-ffff00000139"}}
[38;5;32m[AndroidUiautomator2Driver@2167 (8d248cae)][0m Responding to client with driver.findElement() result: {"element-6066-11e4-a52e-4f735466cecf":"00000000-0000-003b-ffff-ffff00000139","ELEMENT":"00000000-0000-003b-ffff-ffff00000139"}
[38;5;0m[HTTP][0m [37m<-- POST /session/8d248cae-6f15-4769-9543-6d07c6b01410/element [39m[32m200[39m [90m43 ms - 137[39m
[38;5;0m[HTTP][0m [90m[39m
[38;5;0m[HTTP][0m [37m-->[39m [37mPOST[39m [37m/session/8d248cae-6f15-4769-9543-6d07c6b01410/element/00000000-0000-003b-ffff-ffff00000139/click[39m
[38;5;0m[HTTP][0m [90m{}[39m
[38;5;32m[AndroidUiautomator2Driver@2167 (8d248cae)][0m Calling AppiumDriver.click() with args: ["00000000-0000-003b-ffff-ffff00000139","8d248cae-6f15-4769-9543-6d07c6b01410"]
[38;5;32m[AndroidUiautomator2Driver@2167 (8d248cae)][0m Matched '/element/00000000-0000-003b-ffff-ffff00000139/click' to command name 'click'
[38;5;32m[AndroidUiautomator2Driver@2167 (8d248cae)][0m Proxying [POST /element/00000000-0000-003b-ffff-ffff00000139/click] to [POST http://127.0.0.1:8200/session/7ed5160c-d0d3-46fd-8825-4ffe68ca9432/element/00000000-0000-003b-ffff-ffff00000139/click] with body: {"element":"00000000-0000-003b-ffff-ffff00000139"}
[38;5;32m[AndroidUiautomator2Driver@2167 (8d248cae)][0m Got response with status 200: {"sessionId":"7ed5160c-d0d3-46fd-8825-4ffe68ca9432","value":null}
[38;5;32m[AndroidUiautomator2Driver@2167 (8d248cae)][0m Responding to client with driver.click() result: null
[38;5;0m[HTTP][0m [37m<-- POST /session/8d248cae-6f15-4769-9543-6d07c6b01410/element/00000000-0000-003b-ffff-ffff00000139/click [39m[32m200[39m [90m61 ms - 14[39m
[38;5;0m[HTTP][0m [90m[39m
[38;5;0m[HTTP][0m [37m-->[39m [37mPOST[39m [37m/session/8d248cae-6f15-4769-9543-6d07c6b01410/element[39m
[38;5;0m[HTTP][0m [90m{"using":"xpath","value":"//*[@text=\"Delete\"]"}[39m
[38;5;32m[AndroidUiautomator2Driver@2167 (8d248cae)][0m Calling AppiumDriver.findElement() with args: ["xpath","//*[@text=\"Delete\"]","8d248cae-6f15-4769-9543-6d07c6b01410"]
[38;5;32m[AndroidUiautomator2Driver@2167 (8d248cae)][0m Valid locator strategies for this request: xpath, id, class name, accessibility id, css selector, -android uiautomator
[38;5;32m[AndroidUiautomator2Driver@2167 (8d248cae)][0m Waiting up to 0 ms for condition
[38;5;32m[AndroidUiautomator2Driver@2167 (8d248cae)][0m Matched '/element' to command name 'findElement'
[38;5;32m[AndroidUiautomator2Driver@2167 (8d248cae)][0m Proxying [POST /element] to [POST http://127.0.0.1:8200/session/7ed5160c-d0d3-46fd-8825-4ffe68ca9432/element] with body: {"strategy":"xpath","selector":"//*[@text=\"Delete\"]","context":"","multiple":false}
[38;5;32m[AndroidUiautomator2Driver@2167 (8d248cae)][0m Got response with status 404: {"sessionId":"7ed5160c-d0d3-46fd-8825-4ffe68ca9432","value":{"error":"no such element","message":"An element could not be located on the page using the given search parameters","stacktrace":"io.appium.uiautomator2.common.exceptions.ElementNotFoundException: An element could not be located on the page using the given search parameters\n\tat io.appium.uiautomator2.utils.ElementLocationHelpers.findElement(ElementLocationHelpers.java:156)\n\tat io.appium.uiautomator2.handler.FindElement.safeHandle(FindElement.java:60)\n\tat io.appium.uiautomator2.handler.request.SafeRequestHandler.handle(SafeRequestHandler.java:59)\n\tat io.appium.uiautomator2.server.AppiumServlet.handleRequest(AppiumServlet.java:277)\n\tat io.appium.uiautomator2.server.AppiumServlet.handleHttpRequest(AppiumServlet.java:271)\n\tat io.appium.uiautomator2.http.ServerHandler.channelRead(ServerHandler.java:77)\n\tat io.netty.channel.AbstractChannelHandlerContext.invokeChannelRead(AbstractChannelHandlerContext.java:366)\n\tat io.netty.channel.Abstr...
[38;5;112m[W3C][0m Matched W3C error code 'no such element' to NoSuchElementError
[38;5;32m[AndroidUiautomator2Driver@2167 (8d248cae)][0m Encountered internal error running command: NoSuchElementError: An element could not be located on the page using the given search parameters.
[38;5;32m[AndroidUiautomator2Driver@2167 (8d248cae)][0m     at AndroidUiautomator2Driver.findElOrEls (C:\Users\m.lialik\projects\appium\node_modules\appium-uiautomator2-driver\node_modules\appium-android-driver\lib\commands\find.ts:86:11)
[38;5;32m[AndroidUiautomator2Driver@2167 (8d248cae)][0m     at processTicksAndRejections (node:internal/process/task_queues:95:5)
[38;5;32m[AndroidUiautomator2Driver@2167 (8d248cae)][0m     at AndroidUiautomator2Driver.findElOrElsWithProcessing (C:\Users\m.lialik\projects\appium\node_modules\appium-uiautomator2-driver\node_modules\@appium\base-driver\lib\basedriver\commands\find.ts:60:12)
[38;5;32m[AndroidUiautomator2Driver@2167 (8d248cae)][0m     at AndroidUiautomator2Driver.findElement (C:\Users\m.lialik\projects\appium\node_modules\appium-uiautomator2-driver\node_modules\@appium\base-driver\lib\basedriver\commands\find.ts:75:12)
[38;5;0m[HTTP][0m [37m<-- POST /session/8d248cae-6f15-4769-9543-6d07c6b01410/element [39m[33m404[39m [90m162 ms - 938[39m
[38;5;0m[HTTP][0m [90m[39m
[38;5;0m[HTTP][0m [37m-->[39m [37mPOST[39m [37m/session/8d248cae-6f15-4769-9543-6d07c6b01410/elements[39m
[38;5;0m[HTTP][0m [90m{"using":"xpath","value":"//*[@text=\"Delete\"]"}[39m
[38;5;32m[AndroidUiautomator2Driver@2167 (8d248cae)][0m Calling AppiumDriver.findElements() with args: ["xpath","//*[@text=\"Delete\"]","8d248cae-6f15-4769-9543-6d07c6b01410"]
[38;5;32m[AndroidUiautomator2Driver@2167 (8d248cae)][0m Valid locator strategies for this request: xpath, id, class name, accessibility id, css selector, -android uiautomator
[38;5;32m[AndroidUiautomator2Driver@2167 (8d248cae)][0m Waiting up to 0 ms for condition
[38;5;32m[AndroidUiautomator2Driver@2167 (8d248cae)][0m Matched '/elements' to command name 'findElements'
[38;5;32m[AndroidUiautomator2Driver@2167 (8d248cae)][0m Proxying [POST /elements] to [POST http://127.0.0.1:8200/session/7ed5160c-d0d3-46fd-8825-4ffe68ca9432/elements] with body: {"strategy":"xpath","selector":"//*[@text=\"Delete\"]","context":"","multiple":true}
[38;5;32m[AndroidUiautomator2Driver@2167 (8d248cae)][0m Got response with status 200: {"sessionId":"7ed5160c-d0d3-46fd-8825-4ffe68ca9432","value":[{"ELEMENT":"00000000-0000-003c-ffff-ffff0000016d","element-6066-11e4-a52e-4f735466cecf":"00000000-0000-003c-ffff-ffff0000016d"}]}
[38;5;32m[AndroidUiautomator2Driver@2167 (8d248cae)][0m Responding to client with driver.findElements() result: [{"element-6066-11e4-a52e-4f735466cecf":"00000000-0000-003c-ffff-ffff0000016d","ELEMENT":"00000000-0000-003c-ffff-ffff0000016d"}]
[38;5;0m[HTTP][0m [37m<-- POST /session/8d248cae-6f15-4769-9543-6d07c6b01410/elements [39m[32m200[39m [90m624 ms - 139[39m
[38;5;0m[HTTP][0m [90m[39m
[38;5;0m[HTTP][0m [37m-->[39m [37mPOST[39m [37m/session/8d248cae-6f15-4769-9543-6d07c6b01410/element[39m
[38;5;0m[HTTP][0m [90m{"using":"xpath","value":"//*[@text=\"Delete\"]"}[39m
[38;5;32m[AndroidUiautomator2Driver@2167 (8d248cae)][0m Calling AppiumDriver.findElement() with args: ["xpath","//*[@text=\"Delete\"]","8d248cae-6f15-4769-9543-6d07c6b01410"]
[38;5;32m[AndroidUiautomator2Driver@2167 (8d248cae)][0m Valid locator strategies for this request: xpath, id, class name, accessibility id, css selector, -android uiautomator
[38;5;32m[AndroidUiautomator2Driver@2167 (8d248cae)][0m Waiting up to 0 ms for condition
[38;5;32m[AndroidUiautomator2Driver@2167 (8d248cae)][0m Matched '/element' to command name 'findElement'
[38;5;32m[AndroidUiautomator2Driver@2167 (8d248cae)][0m Proxying [POST /element] to [POST http://127.0.0.1:8200/session/7ed5160c-d0d3-46fd-8825-4ffe68ca9432/element] with body: {"strategy":"xpath","selector":"//*[@text=\"Delete\"]","context":"","multiple":false}
[38;5;32m[AndroidUiautomator2Driver@2167 (8d248cae)][0m Got response with status 200: {"sessionId":"7ed5160c-d0d3-46fd-8825-4ffe68ca9432","value":{"ELEMENT":"00000000-0000-003c-ffff-ffff0000016d","element-6066-11e4-a52e-4f735466cecf":"00000000-0000-003c-ffff-ffff0000016d"}}
[38;5;32m[AndroidUiautomator2Driver@2167 (8d248cae)][0m Responding to client with driver.findElement() result: {"element-6066-11e4-a52e-4f735466cecf":"00000000-0000-003c-ffff-ffff0000016d","ELEMENT":"00000000-0000-003c-ffff-ffff0000016d"}
[38;5;0m[HTTP][0m [37m<-- POST /session/8d248cae-6f15-4769-9543-6d07c6b01410/element [39m[32m200[39m [90m51 ms - 137[39m
[38;5;0m[HTTP][0m [90m[39m
[38;5;0m[HTTP][0m [37m-->[39m [37mPOST[39m [37m/session/8d248cae-6f15-4769-9543-6d07c6b01410/element/00000000-0000-003c-ffff-ffff0000016d/click[39m
[38;5;0m[HTTP][0m [90m{}[39m
[38;5;32m[AndroidUiautomator2Driver@2167 (8d248cae)][0m Calling AppiumDriver.click() with args: ["00000000-0000-003c-ffff-ffff0000016d","8d248cae-6f15-4769-9543-6d07c6b01410"]
[38;5;32m[AndroidUiautomator2Driver@2167 (8d248cae)][0m Matched '/element/00000000-0000-003c-ffff-ffff0000016d/click' to command name 'click'
[38;5;32m[AndroidUiautomator2Driver@2167 (8d248cae)][0m Proxying [POST /element/00000000-0000-003c-ffff-ffff0000016d/click] to [POST http://127.0.0.1:8200/session/7ed5160c-d0d3-46fd-8825-4ffe68ca9432/element/00000000-0000-003c-ffff-ffff0000016d/click] with body: {"element":"00000000-0000-003c-ffff-ffff0000016d"}
[38;5;32m[AndroidUiautomator2Driver@2167 (8d248cae)][0m Got response with status 200: {"sessionId":"7ed5160c-d0d3-46fd-8825-4ffe68ca9432","value":null}
[38;5;32m[AndroidUiautomator2Driver@2167 (8d248cae)][0m Responding to client with driver.click() result: null
[38;5;0m[HTTP][0m [37m<-- POST /session/8d248cae-6f15-4769-9543-6d07c6b01410/element/00000000-0000-003c-ffff-ffff0000016d/click [39m[32m200[39m [90m713 ms - 14[39m
[38;5;0m[HTTP][0m [90m[39m
[38;5;0m[HTTP][0m [37m-->[39m [37mPOST[39m [37m/session/8d248cae-6f15-4769-9543-6d07c6b01410/element[39m
[38;5;0m[HTTP][0m [90m{"using":"xpath","value":"//*[@resource-id=\"com.socialnmobile.dictapps.notepad.color.note:id/icon_nav\"]"}[39m
[38;5;32m[AndroidUiautomator2Driver@2167 (8d248cae)][0m Calling AppiumDriver.findElement() with args: ["xpath","//*[@resource-id=\"com.socialnmobile.dictapps.notepad.color.note:id/icon_nav\"]","8d248cae-6f15-4769-9543-6d07c6b01410"]
[38;5;32m[AndroidUiautomator2Driver@2167 (8d248cae)][0m Valid locator strategies for this request: xpath, id, class name, accessibility id, css selector, -android uiautomator
[38;5;32m[AndroidUiautomator2Driver@2167 (8d248cae)][0m Waiting up to 0 ms for condition
[38;5;32m[AndroidUiautomator2Driver@2167 (8d248cae)][0m Matched '/element' to command name 'findElement'
[38;5;32m[AndroidUiautomator2Driver@2167 (8d248cae)][0m Proxying [POST /element] to [POST http://127.0.0.1:8200/session/7ed5160c-d0d3-46fd-8825-4ffe68ca9432/element] with body: {"strategy":"xpath","selector":"//*[@resource-id=\"com.socialnmobile.dictapps.notepad.color.note:id/icon_nav\"]","context":"","multiple":false}
[38;5;0m[HTTP][0m [37m-->[39m [37mPOST[39m [37m/session/8d248cae-6f15-4769-9543-6d07c6b01410/alert/accept[39m
[38;5;0m[HTTP][0m [90m{}[39m
[38;5;32m[AndroidUiautomator2Driver@2167 (8d248cae)][0m Calling AppiumDriver.postAcceptAlert() with args: ["8d248cae-6f15-4769-9543-6d07c6b01410"]
[38;5;32m[AndroidUiautomator2Driver@2167 (8d248cae)][0m Got response with status 404: {"sessionId":"7ed5160c-d0d3-46fd-8825-4ffe68ca9432","value":{"error":"no such element","message":"An element could not be located on the page using the given search parameters","stacktrace":"io.appium.uiautomator2.common.exceptions.ElementNotFoundException: An element could not be located on the page using the given search parameters\n\tat io.appium.uiautomator2.utils.ElementLocationHelpers.findElement(ElementLocationHelpers.java:156)\n\tat io.appium.uiautomator2.handler.FindElement.safeHandle(FindElement.java:60)\n\tat io.appium.uiautomator2.handler.request.SafeRequestHandler.handle(SafeRequestHandler.java:59)\n\tat io.appium.uiautomator2.server.AppiumServlet.handleRequest(AppiumServlet.java:277)\n\tat io.appium.uiautomator2.server.AppiumServlet.handleHttpRequest(AppiumServlet.java:271)\n\tat io.appium.uiautomator2.http.ServerHandler.channelRead(ServerHandler.java:77)\n\tat io.netty.channel.AbstractChannelHandlerContext.invokeChannelRead(AbstractChannelHandlerContext.java:366)\n\tat io.netty.channel.Abstr...
[38;5;112m[W3C][0m Matched W3C error code 'no such element' to NoSuchElementError
[38;5;32m[AndroidUiautomator2Driver@2167 (8d248cae)][0m Matched '/alert/accept' to command name 'postAcceptAlert'
[38;5;32m[AndroidUiautomator2Driver@2167 (8d248cae)][0m Proxying [POST /alert/accept] to [POST http://127.0.0.1:8200/session/7ed5160c-d0d3-46fd-8825-4ffe68ca9432/alert/accept] with body: {}
[38;5;32m[AndroidUiautomator2Driver@2167 (8d248cae)][0m Encountered internal error running command: NoSuchElementError: An element could not be located on the page using the given search parameters.
[38;5;32m[AndroidUiautomator2Driver@2167 (8d248cae)][0m     at AndroidUiautomator2Driver.findElOrEls (C:\Users\m.lialik\projects\appium\node_modules\appium-uiautomator2-driver\node_modules\appium-android-driver\lib\commands\find.ts:86:11)
[38;5;32m[AndroidUiautomator2Driver@2167 (8d248cae)][0m     at processTicksAndRejections (node:internal/process/task_queues:95:5)
[38;5;32m[AndroidUiautomator2Driver@2167 (8d248cae)][0m     at AndroidUiautomator2Driver.findElOrElsWithProcessing (C:\Users\m.lialik\projects\appium\node_modules\appium-uiautomator2-driver\node_modules\@appium\base-driver\lib\basedriver\commands\find.ts:60:12)
[38;5;32m[AndroidUiautomator2Driver@2167 (8d248cae)][0m     at AndroidUiautomator2Driver.findElement (C:\Users\m.lialik\projects\appium\node_modules\appium-uiautomator2-driver\node_modules\@appium\base-driver\lib\basedriver\commands\find.ts:75:12)
[38;5;0m[HTTP][0m [37m<-- POST /session/8d248cae-6f15-4769-9543-6d07c6b01410/element [39m[33m404[39m [90m66 ms - 938[39m
[38;5;0m[HTTP][0m [90m[39m
[38;5;0m[HTTP][0m [37m-->[39m [37mPOST[39m [37m/session/8d248cae-6f15-4769-9543-6d07c6b01410/elements[39m
[38;5;0m[HTTP][0m [90m{"using":"xpath","value":"//*[@resource-id=\"com.socialnmobile.dictapps.notepad.color.note:id/icon_nav\"]"}[39m
[38;5;32m[AndroidUiautomator2Driver@2167 (8d248cae)][0m Calling AppiumDriver.findElements() with args: ["xpath","//*[@resource-id=\"com.socialnmobile.dictapps.notepad.color.note:id/icon_nav\"]","8d248cae-6f15-4769-9543-6d07c6b01410"]
[38;5;32m[AndroidUiautomator2Driver@2167 (8d248cae)][0m Got response with status 200: {"sessionId":"7ed5160c-d0d3-46fd-8825-4ffe68ca9432","value":null}
[38;5;32m[AndroidUiautomator2Driver@2167 (8d248cae)][0m Valid locator strategies for this request: xpath, id, class name, accessibility id, css selector, -android uiautomator
[38;5;32m[AndroidUiautomator2Driver@2167 (8d248cae)][0m Waiting up to 0 ms for condition
[38;5;32m[AndroidUiautomator2Driver@2167 (8d248cae)][0m Matched '/elements' to command name 'findElements'
[38;5;32m[AndroidUiautomator2Driver@2167 (8d248cae)][0m Proxying [POST /elements] to [POST http://127.0.0.1:8200/session/7ed5160c-d0d3-46fd-8825-4ffe68ca9432/elements] with body: {"strategy":"xpath","selector":"//*[@resource-id=\"com.socialnmobile.dictapps.notepad.color.note:id/icon_nav\"]","context":"","multiple":true}
[38;5;32m[AndroidUiautomator2Driver@2167 (8d248cae)][0m Responding to client with driver.postAcceptAlert() result: null
[38;5;0m[HTTP][0m [37m<-- POST /session/8d248cae-6f15-4769-9543-6d07c6b01410/alert/accept [39m[32m200[39m [90m155 ms - 14[39m
[38;5;0m[HTTP][0m [90m[39m
[38;5;32m[AndroidUiautomator2Driver@2167 (8d248cae)][0m Got response with status 200: {"sessionId":"7ed5160c-d0d3-46fd-8825-4ffe68ca9432","value":[{"ELEMENT":"00000000-0000-0036-ffff-ffff00000011","element-6066-11e4-a52e-4f735466cecf":"00000000-0000-0036-ffff-ffff00000011"}]}
[38;5;32m[AndroidUiautomator2Driver@2167 (8d248cae)][0m Responding to client with driver.findElements() result: [{"element-6066-11e4-a52e-4f735466cecf":"00000000-0000-0036-ffff-ffff00000011","ELEMENT":"00000000-0000-0036-ffff-ffff00000011"}]
[38;5;0m[HTTP][0m [37m<-- POST /session/8d248cae-6f15-4769-9543-6d07c6b01410/elements [39m[32m200[39m [90m492 ms - 139[39m
[38;5;0m[HTTP][0m [90m[39m
[38;5;0m[HTTP][0m [37m-->[39m [37mPOST[39m [37m/session/8d248cae-6f15-4769-9543-6d07c6b01410/element[39m
[38;5;0m[HTTP][0m [90m{"using":"xpath","value":"//*[@resource-id=\"com.socialnmobile.dictapps.notepad.color.note:id/icon_nav\"]"}[39m
[38;5;32m[AndroidUiautomator2Driver@2167 (8d248cae)][0m Calling AppiumDriver.findElement() with args: ["xpath","//*[@resource-id=\"com.socialnmobile.dictapps.notepad.color.note:id/icon_nav\"]","8d248cae-6f15-4769-9543-6d07c6b01410"]
[38;5;32m[AndroidUiautomator2Driver@2167 (8d248cae)][0m Valid locator strategies for this request: xpath, id, class name, accessibility id, css selector, -android uiautomator
[38;5;32m[AndroidUiautomator2Driver@2167 (8d248cae)][0m Waiting up to 0 ms for condition
[38;5;32m[AndroidUiautomator2Driver@2167 (8d248cae)][0m Matched '/element' to command name 'findElement'
[38;5;32m[AndroidUiautomator2Driver@2167 (8d248cae)][0m Proxying [POST /element] to [POST http://127.0.0.1:8200/session/7ed5160c-d0d3-46fd-8825-4ffe68ca9432/element] with body: {"strategy":"xpath","selector":"//*[@resource-id=\"com.socialnmobile.dictapps.notepad.color.note:id/icon_nav\"]","context":"","multiple":false}
[38;5;32m[AndroidUiautomator2Driver@2167 (8d248cae)][0m Got response with status 200: {"sessionId":"7ed5160c-d0d3-46fd-8825-4ffe68ca9432","value":{"ELEMENT":"00000000-0000-0036-ffff-ffff00000011","element-6066-11e4-a52e-4f735466cecf":"00000000-0000-0036-ffff-ffff00000011"}}
[38;5;32m[AndroidUiautomator2Driver@2167 (8d248cae)][0m Responding to client with driver.findElement() result: {"element-6066-11e4-a52e-4f735466cecf":"00000000-0000-0036-ffff-ffff00000011","ELEMENT":"00000000-0000-0036-ffff-ffff00000011"}
[38;5;0m[HTTP][0m [37m<-- POST /session/8d248cae-6f15-4769-9543-6d07c6b01410/element [39m[32m200[39m [90m872 ms - 137[39m
[38;5;0m[HTTP][0m [90m[39m
[38;5;0m[HTTP][0m [37m-->[39m [37mPOST[39m [37m/session/8d248cae-6f15-4769-9543-6d07c6b01410/element/00000000-0000-0036-ffff-ffff00000011/click[39m
[38;5;0m[HTTP][0m [90m{}[39m
[38;5;32m[AndroidUiautomator2Driver@2167 (8d248cae)][0m Calling AppiumDriver.click() with args: ["00000000-0000-0036-ffff-ffff00000011","8d248cae-6f15-4769-9543-6d07c6b01410"]
[38;5;32m[AndroidUiautomator2Driver@2167 (8d248cae)][0m Matched '/element/00000000-0000-0036-ffff-ffff00000011/click' to command name 'click'
[38;5;32m[AndroidUiautomator2Driver@2167 (8d248cae)][0m Proxying [POST /element/00000000-0000-0036-ffff-ffff00000011/click] to [POST http://127.0.0.1:8200/session/7ed5160c-d0d3-46fd-8825-4ffe68ca9432/element/00000000-0000-0036-ffff-ffff00000011/click] with body: {"element":"00000000-0000-0036-ffff-ffff00000011"}
[38;5;32m[AndroidUiautomator2Driver@2167 (8d248cae)][0m Got response with status 200: {"sessionId":"7ed5160c-d0d3-46fd-8825-4ffe68ca9432","value":null}
[38;5;32m[AndroidUiautomator2Driver@2167 (8d248cae)][0m Responding to client with driver.click() result: null
[38;5;0m[HTTP][0m [37m<-- POST /session/8d248cae-6f15-4769-9543-6d07c6b01410/element/00000000-0000-0036-ffff-ffff00000011/click [39m[32m200[39m [90m57 ms - 14[39m
[38;5;0m[HTTP][0m [90m[39m
[38;5;0m[HTTP][0m [37m-->[39m [37mPOST[39m [37m/session/8d248cae-6f15-4769-9543-6d07c6b01410/element[39m
[38;5;0m[HTTP][0m [90m{"using":"xpath","value":"//*[@text=\"Trash Can\"]"}[39m
[38;5;32m[AndroidUiautomator2Driver@2167 (8d248cae)][0m Calling AppiumDriver.findElement() with args: ["xpath","//*[@text=\"Trash Can\"]","8d248cae-6f15-4769-9543-6d07c6b01410"]
[38;5;32m[AndroidUiautomator2Driver@2167 (8d248cae)][0m Valid locator strategies for this request: xpath, id, class name, accessibility id, css selector, -android uiautomator
[38;5;32m[AndroidUiautomator2Driver@2167 (8d248cae)][0m Waiting up to 0 ms for condition
[38;5;32m[AndroidUiautomator2Driver@2167 (8d248cae)][0m Matched '/element' to command name 'findElement'
[38;5;32m[AndroidUiautomator2Driver@2167 (8d248cae)][0m Proxying [POST /element] to [POST http://127.0.0.1:8200/session/7ed5160c-d0d3-46fd-8825-4ffe68ca9432/element] with body: {"strategy":"xpath","selector":"//*[@text=\"Trash Can\"]","context":"","multiple":false}
[38;5;32m[AndroidUiautomator2Driver@2167 (8d248cae)][0m Got response with status 200: {"sessionId":"7ed5160c-d0d3-46fd-8825-4ffe68ca9432","value":{"ELEMENT":"00000000-0000-0036-ffff-ffff00000193","element-6066-11e4-a52e-4f735466cecf":"00000000-0000-0036-ffff-ffff00000193"}}
[38;5;32m[AndroidUiautomator2Driver@2167 (8d248cae)][0m Responding to client with driver.findElement() result: {"element-6066-11e4-a52e-4f735466cecf":"00000000-0000-0036-ffff-ffff00000193","ELEMENT":"00000000-0000-0036-ffff-ffff00000193"}
[38;5;0m[HTTP][0m [37m<-- POST /session/8d248cae-6f15-4769-9543-6d07c6b01410/element [39m[32m200[39m [90m995 ms - 137[39m
[38;5;0m[HTTP][0m [90m[39m
[38;5;0m[HTTP][0m [37m-->[39m [37mPOST[39m [37m/session/8d248cae-6f15-4769-9543-6d07c6b01410/element/00000000-0000-0036-ffff-ffff00000193/click[39m
[38;5;0m[HTTP][0m [90m{}[39m
[38;5;32m[AndroidUiautomator2Driver@2167 (8d248cae)][0m Calling AppiumDriver.click() with args: ["00000000-0000-0036-ffff-ffff00000193","8d248cae-6f15-4769-9543-6d07c6b01410"]
[38;5;32m[AndroidUiautomator2Driver@2167 (8d248cae)][0m Matched '/element/00000000-0000-0036-ffff-ffff00000193/click' to command name 'click'
[38;5;32m[AndroidUiautomator2Driver@2167 (8d248cae)][0m Proxying [POST /element/00000000-0000-0036-ffff-ffff00000193/click] to [POST http://127.0.0.1:8200/session/7ed5160c-d0d3-46fd-8825-4ffe68ca9432/element/00000000-0000-0036-ffff-ffff00000193/click] with body: {"element":"00000000-0000-0036-ffff-ffff00000193"}
[38;5;32m[AndroidUiautomator2Driver@2167 (8d248cae)][0m Got response with status 200: {"sessionId":"7ed5160c-d0d3-46fd-8825-4ffe68ca9432","value":null}
[38;5;32m[AndroidUiautomator2Driver@2167 (8d248cae)][0m Responding to client with driver.click() result: null
[38;5;0m[HTTP][0m [37m<-- POST /session/8d248cae-6f15-4769-9543-6d07c6b01410/element/00000000-0000-0036-ffff-ffff00000193/click [39m[32m200[39m [90m1051 ms - 14[39m
[38;5;0m[HTTP][0m [90m[39m
[38;5;0m[HTTP][0m [37m-->[39m [37mPOST[39m [37m/session/8d248cae-6f15-4769-9543-6d07c6b01410/element[39m
[38;5;0m[HTTP][0m [90m{"using":"xpath","value":"//*[@resource-id=\"com.socialnmobile.dictapps.notepad.color.note:id/title\"]"}[39m
[38;5;32m[AndroidUiautomator2Driver@2167 (8d248cae)][0m Calling AppiumDriver.findElement() with args: ["xpath","//*[@resource-id=\"com.socialnmobile.dictapps.notepad.color.note:id/title\"]","8d248cae-6f15-4769-9543-6d07c6b01410"]
[38;5;32m[AndroidUiautomator2Driver@2167 (8d248cae)][0m Valid locator strategies for this request: xpath, id, class name, accessibility id, css selector, -android uiautomator
[38;5;32m[AndroidUiautomator2Driver@2167 (8d248cae)][0m Waiting up to 0 ms for condition
[38;5;32m[AndroidUiautomator2Driver@2167 (8d248cae)][0m Matched '/element' to command name 'findElement'
[38;5;32m[AndroidUiautomator2Driver@2167 (8d248cae)][0m Proxying [POST /element] to [POST http://127.0.0.1:8200/session/7ed5160c-d0d3-46fd-8825-4ffe68ca9432/element] with body: {"strategy":"xpath","selector":"//*[@resource-id=\"com.socialnmobile.dictapps.notepad.color.note:id/title\"]","context":"","multiple":false}
[38;5;32m[AndroidUiautomator2Driver@2167 (8d248cae)][0m Got response with status 200: {"sessionId":"7ed5160c-d0d3-46fd-8825-4ffe68ca9432","value":{"ELEMENT":"00000000-0000-0036-ffff-ffff000001b5","element-6066-11e4-a52e-4f735466cecf":"00000000-0000-0036-ffff-ffff000001b5"}}
[38;5;32m[AndroidUiautomator2Driver@2167 (8d248cae)][0m Responding to client with driver.findElement() result: {"element-6066-11e4-a52e-4f735466cecf":"00000000-0000-0036-ffff-ffff000001b5","ELEMENT":"00000000-0000-0036-ffff-ffff000001b5"}
[38;5;0m[HTTP][0m [37m<-- POST /session/8d248cae-6f15-4769-9543-6d07c6b01410/element [39m[32m200[39m [90m60 ms - 137[39m
[38;5;0m[HTTP][0m [90m[39m
[38;5;0m[HTTP][0m [37m-->[39m [37mGET[39m [37m/session/8d248cae-6f15-4769-9543-6d07c6b01410/element/00000000-0000-0036-ffff-ffff000001b5/text[39m
[38;5;0m[HTTP][0m [90m{}[39m
[38;5;32m[AndroidUiautomator2Driver@2167 (8d248cae)][0m Driver proxy active, passing request on via HTTP proxy
[38;5;32m[AndroidUiautomator2Driver@2167 (8d248cae)][0m Matched '/session/8d248cae-6f15-4769-9543-6d07c6b01410/element/00000000-0000-0036-ffff-ffff000001b5/text' to command name 'getText'
[38;5;32m[AndroidUiautomator2Driver@2167 (8d248cae)][0m Proxying [GET /session/8d248cae-6f15-4769-9543-6d07c6b01410/element/00000000-0000-0036-ffff-ffff000001b5/text] to [GET http://127.0.0.1:8200/session/7ed5160c-d0d3-46fd-8825-4ffe68ca9432/element/00000000-0000-0036-ffff-ffff000001b5/text] with no body
[38;5;32m[AndroidUiautomator2Driver@2167 (8d248cae)][0m Got response with status 200: {"sessionId":"7ed5160c-d0d3-46fd-8825-4ffe68ca9432","value":"TV shows"}
[38;5;32m[AndroidUiautomator2Driver@2167 (8d248cae)][0m Replacing sessionId 7ed5160c-d0d3-46fd-8825-4ffe68ca9432 with 8d248cae-6f15-4769-9543-6d07c6b01410
[38;5;0m[HTTP][0m [37m<-- GET /session/8d248cae-6f15-4769-9543-6d07c6b01410/element/00000000-0000-0036-ffff-ffff000001b5/text [39m[32m200[39m [90m13 ms - 71[39m
[38;5;0m[HTTP][0m [90m[39m
[38;5;0m[HTTP][0m [37m-->[39m [37mDELETE[39m [37m/session/8d248cae-6f15-4769-9543-6d07c6b01410[39m
[38;5;0m[HTTP][0m [90m{}[39m
[38;5;32m[AndroidUiautomator2Driver@2167 (8d248cae)][0m Calling AppiumDriver.deleteSession() with args: ["8d248cae-6f15-4769-9543-6d07c6b01410"]
[38;5;16m[AppiumDriver@86e3][0m Event 'quitSessionRequested' logged at 1707339934379 (22:05:34 GMT+0100 (Central European Standard Time))
[38;5;16m[AppiumDriver@86e3][0m Removing session 8d248cae-6f15-4769-9543-6d07c6b01410 from our master session list
[38;5;32m[AndroidUiautomator2Driver@2167 (8d248cae)][0m Deleting UiAutomator2 session
[38;5;32m[AndroidUiautomator2Driver@2167 (8d248cae)][0m Deleting UiAutomator2 server session
[38;5;32m[AndroidUiautomator2Driver@2167 (8d248cae)][0m Matched '/' to command name 'deleteSession'
[38;5;32m[AndroidUiautomator2Driver@2167 (8d248cae)][0m Proxying [DELETE /] to [DELETE http://127.0.0.1:8200/session/7ed5160c-d0d3-46fd-8825-4ffe68ca9432] with no body
[38;5;32m[AndroidUiautomator2Driver@2167 (8d248cae)][0m Got response with status 200: {"sessionId":"7ed5160c-d0d3-46fd-8825-4ffe68ca9432","value":null}
[38;5;64m[ADB][0m Running 'C:\Users\m.lialik\AppData\Local\Android\Sdk\platform-tools\adb.exe -P 5037 -s emulator-5554 shell dumpsys activity services io.appium.settings/.recorder.RecorderService'
[38;5;64m[ADB][0m Running 'C:\Users\m.lialik\AppData\Local\Android\Sdk\platform-tools\adb.exe -P 5037 -s emulator-5554 shell am force-stop com.socialnmobile.dictapps.notepad.color.note'
[38;5;80m[Logcat][0m Stopping logcat capture
[38;5;64m[ADB][0m Removing forwarded port socket connection: 8200 
[38;5;64m[ADB][0m Running 'C:\Users\m.lialik\AppData\Local\Android\Sdk\platform-tools\adb.exe -P 5037 -s emulator-5554 forward --remove tcp:8200'
[38;5;32m[AndroidUiautomator2Driver@2167 (8d248cae)][0m Restoring hidden api policy to the device default configuration
[38;5;64m[ADB][0m Running 'C:\Users\m.lialik\AppData\Local\Android\Sdk\platform-tools\adb.exe -P 5037 -s emulator-5554 shell 'settings delete global hidden_api_policy_pre_p_apps;settings delete global hidden_api_policy_p_apps;settings delete global hidden_api_policy''
[38;5;16m[AppiumDriver@86e3][0m Event 'quitSessionFinished' logged at 1707339934648 (22:05:34 GMT+0100 (Central European Standard Time))
[38;5;16m[AppiumDriver@86e3][0m Received response: null
[38;5;16m[AppiumDriver@86e3][0m But deleting session, so not returning
[38;5;16m[AppiumDriver@86e3][0m Responding to client with driver.deleteSession() result: null
[38;5;0m[HTTP][0m [37m<-- DELETE /session/8d248cae-6f15-4769-9543-6d07c6b01410 [39m[32m200[39m [90m271 ms - 14[39m
[38;5;0m[HTTP][0m [90m[39m
[38;5;96m[Instrumentation][0m .
[38;5;96m[Instrumentation][0m Time: 20.076
[38;5;96m[Instrumentation][0m 
[38;5;96m[Instrumentation][0m OK (1 test)
